{"C:\\Users\\mimiv\\source\\repos\\testingapps\\backend\\src\\config\\env.validation.ts": {"path":"C:\\Users\\mimiv\\source\\repos\\testingapps\\backend\\src\\config\\env.validation.ts","statementMap":{"0":{"start":{"line":1,"column":0},"end":{"line":1,"column":27}},"1":{"start":{"line":3,"column":13},"end":{"line":23,"column":3}}},"fnMap":{},"branchMap":{},"s":{"0":0,"1":0},"f":{},"b":{}}
,"C:\\Users\\mimiv\\source\\repos\\testingapps\\backend\\src\\health\\health.controller.ts": {"path":"C:\\Users\\mimiv\\source\\repos\\testingapps\\backend\\src\\health\\health.controller.ts","statementMap":{"0":{"start":{"line":1,"column":0},"end":{"line":1,"column":49}},"1":{"start":{"line":2,"column":0},"end":{"line":2,"column":56}},"2":{"start":{"line":3,"column":0},"end":{"line":3,"column":74}},"3":{"start":{"line":7,"column":7},"end":{"line":35,"column":null}},"4":{"start":{"line":8,"column":31},"end":{"line":8,"column":35}},"5":{"start":{"line":13,"column":22},"end":{"line":13,"column":46}},"6":{"start":{"line":15,"column":4},"end":{"line":33,"column":5}},"7":{"start":{"line":17,"column":6},"end":{"line":17,"column":40}},"8":{"start":{"line":19,"column":6},"end":{"line":24,"column":8}},"9":{"start":{"line":26,"column":6},"end":{"line":32,"column":8}},"10":{"start":{"line":7,"column":13},"end":{"line":7,"column":29}},"11":{"start":{"line":12,"column":8},"end":{"line":34,"column":null}},"12":{"start":{"line":7,"column":13},"end":{"line":35,"column":null}}},"fnMap":{"0":{"name":"(anonymous_2)","decl":{"start":{"line":8,"column":2},"end":{"line":8,"column":31}},"loc":{"start":{"line":8,"column":48},"end":{"line":8,"column":52}}},"1":{"name":"(anonymous_3)","decl":{"start":{"line":12,"column":8},"end":{"line":12,"column":13}},"loc":{"start":{"line":12,"column":13},"end":{"line":34,"column":3}}}},"branchMap":{"0":{"loc":{"start":{"line":23,"column":17},"end":{"line":23,"column":59}},"type":"binary-expr","locations":[{"start":{"line":23,"column":17},"end":{"line":23,"column":48}},{"start":{"line":23,"column":52},"end":{"line":23,"column":59}}]},"1":{"loc":{"start":{"line":30,"column":15},"end":{"line":30,"column":71}},"type":"cond-expr","locations":[{"start":{"line":30,"column":40},"end":{"line":30,"column":53}},{"start":{"line":30,"column":56},"end":{"line":30,"column":71}}]},"2":{"loc":{"start":{"line":31,"column":17},"end":{"line":31,"column":59}},"type":"binary-expr","locations":[{"start":{"line":31,"column":17},"end":{"line":31,"column":48}},{"start":{"line":31,"column":52},"end":{"line":31,"column":59}}]}},"s":{"0":0,"1":0,"2":0,"3":0,"4":0,"5":0,"6":0,"7":0,"8":0,"9":0,"10":0,"11":0,"12":0},"f":{"0":0,"1":0},"b":{"0":[0,0],"1":[0,0],"2":[0,0]}}
,"C:\\Users\\mimiv\\source\\repos\\testingapps\\backend\\src\\infrastructure\\database\\prisma.service.ts": {"path":"C:\\Users\\mimiv\\source\\repos\\testingapps\\backend\\src\\infrastructure\\database\\prisma.service.ts","statementMap":{"0":{"start":{"line":1,"column":0},"end":{"line":1,"column":75}},"1":{"start":{"line":2,"column":0},"end":{"line":2,"column":46}},"2":{"start":{"line":5,"column":7},"end":{"line":14,"column":null}},"3":{"start":{"line":7,"column":4},"end":{"line":7,"column":26}},"4":{"start":{"line":8,"column":4},"end":{"line":8,"column":50}},"5":{"start":{"line":12,"column":4},"end":{"line":12,"column":29}},"6":{"start":{"line":5,"column":13},"end":{"line":5,"column":26}},"7":{"start":{"line":5,"column":13},"end":{"line":14,"column":null}}},"fnMap":{"0":{"name":"(anonymous_1)","decl":{"start":{"line":6,"column":2},"end":{"line":6,"column":7}},"loc":{"start":{"line":6,"column":20},"end":{"line":9,"column":3}}},"1":{"name":"(anonymous_2)","decl":{"start":{"line":11,"column":2},"end":{"line":11,"column":7}},"loc":{"start":{"line":11,"column":23},"end":{"line":13,"column":3}}}},"branchMap":{},"s":{"0":6,"1":6,"2":6,"3":0,"4":0,"5":0,"6":6,"7":6},"f":{"0":0,"1":0},"b":{}}
,"C:\\Users\\mimiv\\source\\repos\\testingapps\\backend\\src\\infrastructure\\database\\supabase.service.ts": {"path":"C:\\Users\\mimiv\\source\\repos\\testingapps\\backend\\src\\infrastructure\\database\\supabase.service.ts","statementMap":{"0":{"start":{"line":1,"column":0},"end":{"line":1,"column":58}},"1":{"start":{"line":2,"column":0},"end":{"line":2,"column":47}},"2":{"start":{"line":3,"column":0},"end":{"line":3,"column":69}},"3":{"start":{"line":6,"column":7},"end":{"line":38,"column":null}},"4":{"start":{"line":9,"column":22},"end":{"line":9,"column":37}},"5":{"start":{"line":12,"column":24},"end":{"line":12,"column":70}},"6":{"start":{"line":13,"column":24},"end":{"line":13,"column":75}},"7":{"start":{"line":15,"column":4},"end":{"line":17,"column":5}},"8":{"start":{"line":16,"column":6},"end":{"line":16,"column":59}},"9":{"start":{"line":19,"column":4},"end":{"line":19,"column":59}},"10":{"start":{"line":23,"column":4},"end":{"line":23,"column":25}},"11":{"start":{"line":28,"column":4},"end":{"line":28,"column":37}},"12":{"start":{"line":32,"column":4},"end":{"line":32,"column":30}},"13":{"start":{"line":36,"column":4},"end":{"line":36,"column":33}},"14":{"start":{"line":6,"column":13},"end":{"line":6,"column":28}},"15":{"start":{"line":6,"column":13},"end":{"line":38,"column":null}}},"fnMap":{"0":{"name":"(anonymous_2)","decl":{"start":{"line":9,"column":2},"end":{"line":9,"column":22}},"loc":{"start":{"line":9,"column":50},"end":{"line":9,"column":54}}},"1":{"name":"(anonymous_3)","decl":{"start":{"line":11,"column":2},"end":{"line":11,"column":14}},"loc":{"start":{"line":11,"column":14},"end":{"line":20,"column":3}}},"2":{"name":"(anonymous_4)","decl":{"start":{"line":22,"column":2},"end":{"line":22,"column":11}},"loc":{"start":{"line":22,"column":11},"end":{"line":24,"column":3}}},"3":{"name":"(anonymous_5)","decl":{"start":{"line":27,"column":2},"end":{"line":27,"column":6}},"loc":{"start":{"line":27,"column":20},"end":{"line":29,"column":3}}},"4":{"name":"(anonymous_6)","decl":{"start":{"line":31,"column":2},"end":{"line":31,"column":9}},"loc":{"start":{"line":31,"column":9},"end":{"line":33,"column":3}}},"5":{"name":"(anonymous_7)","decl":{"start":{"line":35,"column":2},"end":{"line":35,"column":12}},"loc":{"start":{"line":35,"column":12},"end":{"line":37,"column":3}}}},"branchMap":{"0":{"loc":{"start":{"line":15,"column":4},"end":{"line":17,"column":5}},"type":"if","locations":[{"start":{"line":15,"column":4},"end":{"line":17,"column":5}},{"start":{},"end":{}}]},"1":{"loc":{"start":{"line":15,"column":8},"end":{"line":15,"column":36}},"type":"binary-expr","locations":[{"start":{"line":15,"column":8},"end":{"line":15,"column":20}},{"start":{"line":15,"column":24},"end":{"line":15,"column":36}}]}},"s":{"0":0,"1":0,"2":0,"3":0,"4":0,"5":0,"6":0,"7":0,"8":0,"9":0,"10":0,"11":0,"12":0,"13":0,"14":0,"15":0},"f":{"0":0,"1":0,"2":0,"3":0,"4":0,"5":0},"b":{"0":[0,0],"1":[0,0]}}
,"C:\\Users\\mimiv\\source\\repos\\testingapps\\backend\\src\\modules\\activities\\activities.controller.ts": {"path":"C:\\Users\\mimiv\\source\\repos\\testingapps\\backend\\src\\modules\\activities\\activities.controller.ts","statementMap":{"0":{"start":{"line":1,"column":0},"end":{"line":1,"column":76}},"1":{"start":{"line":2,"column":0},"end":{"line":2,"column":81}},"2":{"start":{"line":3,"column":0},"end":{"line":3,"column":61}},"3":{"start":{"line":4,"column":0},"end":{"line":4,"column":57}},"4":{"start":{"line":11,"column":7},"end":{"line":21,"column":null}},"5":{"start":{"line":12,"column":31},"end":{"line":12,"column":50}},"6":{"start":{"line":18,"column":21},"end":{"line":18,"column":53}},"7":{"start":{"line":19,"column":4},"end":{"line":19,"column":71}},"8":{"start":{"line":11,"column":13},"end":{"line":11,"column":33}},"9":{"start":{"line":17,"column":2},"end":{"line":20,"column":null}},"10":{"start":{"line":11,"column":13},"end":{"line":21,"column":null}}},"fnMap":{"0":{"name":"(anonymous_4)","decl":{"start":{"line":12,"column":2},"end":{"line":12,"column":31}},"loc":{"start":{"line":12,"column":67},"end":{"line":12,"column":71}}},"1":{"name":"(anonymous_5)","decl":{"start":{"line":17,"column":2},"end":{"line":17,"column":9}},"loc":{"start":{"line":17,"column":78},"end":{"line":20,"column":3}}}},"branchMap":{"0":{"loc":{"start":{"line":18,"column":21},"end":{"line":18,"column":53}},"type":"cond-expr","locations":[{"start":{"line":18,"column":29},"end":{"line":18,"column":48}},{"start":{"line":18,"column":51},"end":{"line":18,"column":53}}]}},"s":{"0":0,"1":0,"2":0,"3":0,"4":0,"5":0,"6":0,"7":0,"8":0,"9":0,"10":0},"f":{"0":0,"1":0},"b":{"0":[0,0]}}
,"C:\\Users\\mimiv\\source\\repos\\testingapps\\backend\\src\\modules\\activities\\activities.service.ts": {"path":"C:\\Users\\mimiv\\source\\repos\\testingapps\\backend\\src\\modules\\activities\\activities.service.ts","statementMap":{"0":{"start":{"line":1,"column":0},"end":{"line":1,"column":44}},"1":{"start":{"line":2,"column":0},"end":{"line":2,"column":77}},"2":{"start":{"line":5,"column":7},"end":{"line":26,"column":null}},"3":{"start":{"line":6,"column":22},"end":{"line":6,"column":30}},"4":{"start":{"line":9,"column":4},"end":{"line":13,"column":7}},"5":{"start":{"line":17,"column":4},"end":{"line":24,"column":7}},"6":{"start":{"line":5,"column":13},"end":{"line":5,"column":30}},"7":{"start":{"line":5,"column":13},"end":{"line":26,"column":null}}},"fnMap":{"0":{"name":"(anonymous_2)","decl":{"start":{"line":6,"column":2},"end":{"line":6,"column":22}},"loc":{"start":{"line":6,"column":43},"end":{"line":6,"column":47}}},"1":{"name":"(anonymous_3)","decl":{"start":{"line":8,"column":2},"end":{"line":8,"column":7}},"loc":{"start":{"line":8,"column":47},"end":{"line":14,"column":3}}},"2":{"name":"(anonymous_4)","decl":{"start":{"line":16,"column":2},"end":{"line":16,"column":7}},"loc":{"start":{"line":16,"column":80},"end":{"line":25,"column":3}}}},"branchMap":{"0":{"loc":{"start":{"line":8,"column":37},"end":{"line":8,"column":47}},"type":"default-arg","locations":[{"start":{"line":8,"column":45},"end":{"line":8,"column":47}}]}},"s":{"0":0,"1":0,"2":0,"3":0,"4":0,"5":0,"6":0,"7":0},"f":{"0":0,"1":0,"2":0},"b":{"0":[0]}}
,"C:\\Users\\mimiv\\source\\repos\\testingapps\\backend\\src\\modules\\auth\\auth.controller.ts": {"path":"C:\\Users\\mimiv\\source\\repos\\testingapps\\backend\\src\\modules\\auth\\auth.controller.ts","statementMap":{"0":{"start":{"line":1,"column":0},"end":{"line":1,"column":93}},"1":{"start":{"line":2,"column":0},"end":{"line":2,"column":45}},"2":{"start":{"line":3,"column":0},"end":{"line":3,"column":45}},"3":{"start":{"line":4,"column":0},"end":{"line":4,"column":43}},"4":{"start":{"line":5,"column":0},"end":{"line":5,"column":60}},"5":{"start":{"line":6,"column":0},"end":{"line":6,"column":80}},"6":{"start":{"line":7,"column":0},"end":{"line":7,"column":79}},"7":{"start":{"line":8,"column":0},"end":{"line":8,"column":55}},"8":{"start":{"line":9,"column":0},"end":{"line":9,"column":71}},"9":{"start":{"line":10,"column":0},"end":{"line":10,"column":59}},"10":{"start":{"line":21,"column":7},"end":{"line":150,"column":null}},"11":{"start":{"line":22,"column":22},"end":{"line":22,"column":35}},"12":{"start":{"line":38,"column":4},"end":{"line":38,"column":46}},"13":{"start":{"line":55,"column":4},"end":{"line":55,"column":44}},"14":{"start":{"line":72,"column":4},"end":{"line":72,"column":48}},"15":{"start":{"line":91,"column":4},"end":{"line":91,"column":74}},"16":{"start":{"line":107,"column":4},"end":{"line":107,"column":62}},"17":{"start":{"line":124,"column":4},"end":{"line":124,"column":60}},"18":{"start":{"line":136,"column":4},"end":{"line":136,"column":56}},"19":{"start":{"line":148,"column":4},"end":{"line":148,"column":63}},"20":{"start":{"line":21,"column":13},"end":{"line":21,"column":27}},"21":{"start":{"line":37,"column":8},"end":{"line":39,"column":null}},"22":{"start":{"line":54,"column":8},"end":{"line":56,"column":null}},"23":{"start":{"line":71,"column":8},"end":{"line":73,"column":null}},"24":{"start":{"line":90,"column":8},"end":{"line":92,"column":null}},"25":{"start":{"line":106,"column":8},"end":{"line":108,"column":null}},"26":{"start":{"line":123,"column":8},"end":{"line":125,"column":null}},"27":{"start":{"line":135,"column":8},"end":{"line":137,"column":null}},"28":{"start":{"line":147,"column":8},"end":{"line":149,"column":null}},"29":{"start":{"line":21,"column":13},"end":{"line":150,"column":null}}},"fnMap":{"0":{"name":"(anonymous_4)","decl":{"start":{"line":22,"column":2},"end":{"line":22,"column":22}},"loc":{"start":{"line":22,"column":46},"end":{"line":22,"column":50}}},"1":{"name":"(anonymous_5)","decl":{"start":{"line":37,"column":8},"end":{"line":37,"column":14}},"loc":{"start":{"line":37,"column":43},"end":{"line":39,"column":3}}},"2":{"name":"(anonymous_6)","decl":{"start":{"line":54,"column":8},"end":{"line":54,"column":13}},"loc":{"start":{"line":54,"column":40},"end":{"line":56,"column":3}}},"3":{"name":"(anonymous_7)","decl":{"start":{"line":71,"column":8},"end":{"line":71,"column":13}},"loc":{"start":{"line":71,"column":50},"end":{"line":73,"column":3}}},"4":{"name":"(anonymous_8)","decl":{"start":{"line":90,"column":8},"end":{"line":90,"column":21}},"loc":{"start":{"line":90,"column":102},"end":{"line":92,"column":3}}},"5":{"name":"(anonymous_9)","decl":{"start":{"line":106,"column":8},"end":{"line":106,"column":22}},"loc":{"start":{"line":106,"column":67},"end":{"line":108,"column":3}}},"6":{"name":"(anonymous_10)","decl":{"start":{"line":123,"column":8},"end":{"line":123,"column":21}},"loc":{"start":{"line":123,"column":64},"end":{"line":125,"column":3}}},"7":{"name":"(anonymous_11)","decl":{"start":{"line":135,"column":8},"end":{"line":135,"column":19}},"loc":{"start":{"line":135,"column":58},"end":{"line":137,"column":3}}},"8":{"name":"(anonymous_12)","decl":{"start":{"line":147,"column":8},"end":{"line":147,"column":26}},"loc":{"start":{"line":147,"column":67},"end":{"line":149,"column":3}}}},"branchMap":{},"s":{"0":0,"1":0,"2":0,"3":0,"4":0,"5":0,"6":0,"7":0,"8":0,"9":0,"10":0,"11":0,"12":0,"13":0,"14":0,"15":0,"16":0,"17":0,"18":0,"19":0,"20":0,"21":0,"22":0,"23":0,"24":0,"25":0,"26":0,"27":0,"28":0,"29":0},"f":{"0":0,"1":0,"2":0,"3":0,"4":0,"5":0,"6":0,"7":0,"8":0},"b":{}}
,"C:\\Users\\mimiv\\source\\repos\\testingapps\\backend\\src\\modules\\auth\\auth.service.ts": {"path":"C:\\Users\\mimiv\\source\\repos\\testingapps\\backend\\src\\modules\\auth\\auth.service.ts","statementMap":{"0":{"start":{"line":1,"column":0},"end":{"line":1,"column":107}},"1":{"start":{"line":2,"column":0},"end":{"line":2,"column":47}},"2":{"start":{"line":3,"column":0},"end":{"line":3,"column":41}},"3":{"start":{"line":4,"column":0},"end":{"line":4,"column":33}},"4":{"start":{"line":5,"column":0},"end":{"line":5,"column":33}},"5":{"start":{"line":6,"column":0},"end":{"line":6,"column":77}},"6":{"start":{"line":12,"column":0},"end":{"line":12,"column":52}},"7":{"start":{"line":13,"column":0},"end":{"line":13,"column":46}},"8":{"start":{"line":22,"column":7},"end":{"line":396,"column":null}},"9":{"start":{"line":24,"column":12},"end":{"line":24,"column":20}},"10":{"start":{"line":25,"column":12},"end":{"line":25,"column":24}},"11":{"start":{"line":26,"column":12},"end":{"line":26,"column":27}},"12":{"start":{"line":40,"column":52},"end":{"line":40,"column":61}},"13":{"start":{"line":43,"column":25},"end":{"line":45,"column":6}},"14":{"start":{"line":47,"column":4},"end":{"line":49,"column":5}},"15":{"start":{"line":48,"column":6},"end":{"line":48,"column":58}},"16":{"start":{"line":52,"column":27},"end":{"line":52,"column":58}},"17":{"start":{"line":55,"column":22},"end":{"line":55,"column":74}},"18":{"start":{"line":58,"column":30},"end":{"line":58,"column":68}},"19":{"start":{"line":59,"column":34},"end":{"line":59,"column":74}},"20":{"start":{"line":62,"column":17},"end":{"line":72,"column":6}},"21":{"start":{"line":75,"column":4},"end":{"line":75,"column":79}},"22":{"start":{"line":76,"column":4},"end":{"line":76,"column":120}},"23":{"start":{"line":79,"column":18},"end":{"line":83,"column":6}},"24":{"start":{"line":85,"column":4},"end":{"line":88,"column":6}},"25":{"start":{"line":101,"column":32},"end":{"line":101,"column":40}},"26":{"start":{"line":104,"column":17},"end":{"line":106,"column":6}},"27":{"start":{"line":108,"column":4},"end":{"line":110,"column":5}},"28":{"start":{"line":109,"column":6},"end":{"line":109,"column":61}},"29":{"start":{"line":113,"column":28},"end":{"line":113,"column":73}},"30":{"start":{"line":115,"column":4},"end":{"line":117,"column":5}},"31":{"start":{"line":116,"column":6},"end":{"line":116,"column":61}},"32":{"start":{"line":120,"column":18},"end":{"line":131,"column":6}},"33":{"start":{"line":133,"column":4},"end":{"line":136,"column":6}},"34":{"start":{"line":140,"column":17},"end":{"line":142,"column":6}},"35":{"start":{"line":155,"column":4},"end":{"line":157,"column":5}},"36":{"start":{"line":156,"column":6},"end":{"line":156,"column":56}},"37":{"start":{"line":159,"column":4},"end":{"line":159,"column":32}},"38":{"start":{"line":163,"column":28},"end":{"line":163,"column":30}},"39":{"start":{"line":166,"column":4},"end":{"line":166,"column":85}},"40":{"start":{"line":166,"column":45},"end":{"line":166,"column":85}},"41":{"start":{"line":167,"column":4},"end":{"line":167,"column":100}},"42":{"start":{"line":167,"column":52},"end":{"line":167,"column":100}},"43":{"start":{"line":168,"column":4},"end":{"line":168,"column":94}},"44":{"start":{"line":168,"column":48},"end":{"line":168,"column":94}},"45":{"start":{"line":169,"column":4},"end":{"line":169,"column":85}},"46":{"start":{"line":169,"column":45},"end":{"line":169,"column":85}},"47":{"start":{"line":170,"column":4},"end":{"line":170,"column":88}},"48":{"start":{"line":170,"column":46},"end":{"line":170,"column":88}},"49":{"start":{"line":171,"column":4},"end":{"line":171,"column":94}},"50":{"start":{"line":171,"column":48},"end":{"line":171,"column":94}},"51":{"start":{"line":172,"column":4},"end":{"line":172,"column":100}},"52":{"start":{"line":172,"column":50},"end":{"line":172,"column":100}},"53":{"start":{"line":173,"column":4},"end":{"line":173,"column":82}},"54":{"start":{"line":173,"column":44},"end":{"line":173,"column":82}},"55":{"start":{"line":176,"column":4},"end":{"line":176,"column":109}},"56":{"start":{"line":176,"column":53},"end":{"line":176,"column":109}},"57":{"start":{"line":177,"column":4},"end":{"line":177,"column":109}},"58":{"start":{"line":177,"column":53},"end":{"line":177,"column":109}},"59":{"start":{"line":178,"column":4},"end":{"line":178,"column":118}},"60":{"start":{"line":178,"column":56},"end":{"line":178,"column":118}},"61":{"start":{"line":181,"column":4},"end":{"line":183,"column":5}},"62":{"start":{"line":182,"column":6},"end":{"line":182,"column":74}},"63":{"start":{"line":186,"column":24},"end":{"line":186,"column":84}},"64":{"start":{"line":187,"column":4},"end":{"line":216,"column":5}},"65":{"start":{"line":188,"column":25},"end":{"line":188,"column":58}},"66":{"start":{"line":199,"column":30},"end":{"line":199,"column":55}},"67":{"start":{"line":200,"column":30},"end":{"line":200,"column":91}},"68":{"start":{"line":201,"column":26},"end":{"line":201,"column":65}},"69":{"start":{"line":203,"column":6},"end":{"line":215,"column":7}},"70":{"start":{"line":204,"column":8},"end":{"line":204,"column":53}},"71":{"start":{"line":218,"column":17},"end":{"line":221,"column":6}},"72":{"start":{"line":223,"column":4},"end":{"line":223,"column":32}},"73":{"start":{"line":227,"column":17},"end":{"line":229,"column":6}},"74":{"start":{"line":231,"column":4},"end":{"line":231,"column":46}},"75":{"start":{"line":235,"column":22},"end":{"line":235,"column":39}},"76":{"start":{"line":237,"column":17},"end":{"line":239,"column":6}},"77":{"start":{"line":242,"column":4},"end":{"line":244,"column":5}},"78":{"start":{"line":243,"column":6},"end":{"line":243,"column":86}},"79":{"start":{"line":247,"column":23},"end":{"line":247,"column":61}},"80":{"start":{"line":248,"column":27},"end":{"line":248,"column":60}},"81":{"start":{"line":249,"column":29},"end":{"line":249,"column":59}},"82":{"start":{"line":262,"column":4},"end":{"line":268,"column":7}},"83":{"start":{"line":272,"column":4},"end":{"line":272,"column":68}},"84":{"start":{"line":273,"column":4},"end":{"line":273,"column":108}},"85":{"start":{"line":275,"column":4},"end":{"line":275,"column":84}},"86":{"start":{"line":279,"column":35},"end":{"line":279,"column":51}},"87":{"start":{"line":282,"column":18},"end":{"line":288,"column":6}},"88":{"start":{"line":290,"column":22},"end":{"line":290,"column":26}},"89":{"start":{"line":291,"column":4},"end":{"line":299,"column":5}},"90":{"start":{"line":292,"column":6},"end":{"line":298,"column":7}},"91":{"start":{"line":293,"column":29},"end":{"line":293,"column":73}},"92":{"start":{"line":294,"column":8},"end":{"line":297,"column":9}},"93":{"start":{"line":295,"column":10},"end":{"line":295,"column":29}},"94":{"start":{"line":296,"column":10},"end":{"line":296,"column":16}},"95":{"start":{"line":301,"column":4},"end":{"line":303,"column":5}},"96":{"start":{"line":302,"column":6},"end":{"line":302,"column":70}},"97":{"start":{"line":306,"column":27},"end":{"line":306,"column":61}},"98":{"start":{"line":309,"column":4},"end":{"line":316,"column":7}},"99":{"start":{"line":318,"column":4},"end":{"line":318,"column":54}},"100":{"start":{"line":328,"column":29},"end":{"line":328,"column":43}},"101":{"start":{"line":330,"column":17},"end":{"line":332,"column":6}},"102":{"start":{"line":334,"column":4},"end":{"line":336,"column":5}},"103":{"start":{"line":335,"column":6},"end":{"line":335,"column":66}},"104":{"start":{"line":339,"column":25},"end":{"line":339,"column":81}},"105":{"start":{"line":341,"column":4},"end":{"line":343,"column":5}},"106":{"start":{"line":342,"column":6},"end":{"line":342,"column":66}},"107":{"start":{"line":346,"column":4},"end":{"line":352,"column":7}},"108":{"start":{"line":354,"column":4},"end":{"line":354,"column":54}},"109":{"start":{"line":363,"column":22},"end":{"line":363,"column":31}},"110":{"start":{"line":365,"column":17},"end":{"line":367,"column":6}},"111":{"start":{"line":370,"column":4},"end":{"line":372,"column":5}},"112":{"start":{"line":371,"column":6},"end":{"line":371,"column":84}},"113":{"start":{"line":375,"column":4},"end":{"line":377,"column":5}},"114":{"start":{"line":376,"column":6},"end":{"line":376,"column":55}},"115":{"start":{"line":380,"column":30},"end":{"line":380,"column":68}},"116":{"start":{"line":381,"column":34},"end":{"line":381,"column":74}},"117":{"start":{"line":383,"column":4},"end":{"line":388,"column":7}},"118":{"start":{"line":391,"column":4},"end":{"line":391,"column":79}},"119":{"start":{"line":392,"column":4},"end":{"line":392,"column":120}},"120":{"start":{"line":394,"column":4},"end":{"line":394,"column":82}},"121":{"start":{"line":22,"column":13},"end":{"line":22,"column":24}},"122":{"start":{"line":22,"column":13},"end":{"line":396,"column":null}}},"fnMap":{"0":{"name":"(anonymous_11)","decl":{"start":{"line":23,"column":2},"end":{"line":23,"column":null}},"loc":{"start":{"line":26,"column":40},"end":{"line":27,"column":6}}},"1":{"name":"(anonymous_12)","decl":{"start":{"line":39,"column":2},"end":{"line":39,"column":7}},"loc":{"start":{"line":39,"column":35},"end":{"line":89,"column":3}}},"2":{"name":"(anonymous_13)","decl":{"start":{"line":100,"column":2},"end":{"line":100,"column":7}},"loc":{"start":{"line":100,"column":32},"end":{"line":137,"column":3}}},"3":{"name":"(anonymous_14)","decl":{"start":{"line":139,"column":2},"end":{"line":139,"column":7}},"loc":{"start":{"line":139,"column":28},"end":{"line":160,"column":3}}},"4":{"name":"(anonymous_15)","decl":{"start":{"line":162,"column":2},"end":{"line":162,"column":7}},"loc":{"start":{"line":162,"column":72},"end":{"line":224,"column":3}}},"5":{"name":"(anonymous_16)","decl":{"start":{"line":226,"column":2},"end":{"line":226,"column":7}},"loc":{"start":{"line":226,"column":35},"end":{"line":232,"column":3}}},"6":{"name":"(anonymous_17)","decl":{"start":{"line":234,"column":2},"end":{"line":234,"column":7}},"loc":{"start":{"line":234,"column":59},"end":{"line":276,"column":3}}},"7":{"name":"(anonymous_18)","decl":{"start":{"line":278,"column":2},"end":{"line":278,"column":7}},"loc":{"start":{"line":278,"column":56},"end":{"line":319,"column":3}}},"8":{"name":"(anonymous_19)","decl":{"start":{"line":327,"column":2},"end":{"line":327,"column":7}},"loc":{"start":{"line":327,"column":50},"end":{"line":355,"column":3}}},"9":{"name":"(anonymous_20)","decl":{"start":{"line":362,"column":2},"end":{"line":362,"column":7}},"loc":{"start":{"line":362,"column":64},"end":{"line":395,"column":3}}}},"branchMap":{"0":{"loc":{"start":{"line":47,"column":4},"end":{"line":49,"column":5}},"type":"if","locations":[{"start":{"line":47,"column":4},"end":{"line":49,"column":5}},{"start":{},"end":{}}]},"1":{"loc":{"start":{"line":55,"column":22},"end":{"line":55,"column":74}},"type":"cond-expr","locations":[{"start":{"line":55,"column":50},"end":{"line":55,"column":55}},{"start":{"line":55,"column":58},"end":{"line":55,"column":74}}]},"2":{"loc":{"start":{"line":55,"column":22},"end":{"line":55,"column":47}},"type":"binary-expr","locations":[{"start":{"line":55,"column":22},"end":{"line":55,"column":27}},{"start":{"line":55,"column":31},"end":{"line":55,"column":47}}]},"3":{"loc":{"start":{"line":108,"column":4},"end":{"line":110,"column":5}},"type":"if","locations":[{"start":{"line":108,"column":4},"end":{"line":110,"column":5}},{"start":{},"end":{}}]},"4":{"loc":{"start":{"line":115,"column":4},"end":{"line":117,"column":5}},"type":"if","locations":[{"start":{"line":115,"column":4},"end":{"line":117,"column":5}},{"start":{},"end":{}}]},"5":{"loc":{"start":{"line":155,"column":4},"end":{"line":157,"column":5}},"type":"if","locations":[{"start":{"line":155,"column":4},"end":{"line":157,"column":5}},{"start":{},"end":{}}]},"6":{"loc":{"start":{"line":166,"column":4},"end":{"line":166,"column":85}},"type":"if","locations":[{"start":{"line":166,"column":4},"end":{"line":166,"column":85}},{"start":{},"end":{}}]},"7":{"loc":{"start":{"line":167,"column":4},"end":{"line":167,"column":100}},"type":"if","locations":[{"start":{"line":167,"column":4},"end":{"line":167,"column":100}},{"start":{},"end":{}}]},"8":{"loc":{"start":{"line":168,"column":4},"end":{"line":168,"column":94}},"type":"if","locations":[{"start":{"line":168,"column":4},"end":{"line":168,"column":94}},{"start":{},"end":{}}]},"9":{"loc":{"start":{"line":169,"column":4},"end":{"line":169,"column":85}},"type":"if","locations":[{"start":{"line":169,"column":4},"end":{"line":169,"column":85}},{"start":{},"end":{}}]},"10":{"loc":{"start":{"line":170,"column":4},"end":{"line":170,"column":88}},"type":"if","locations":[{"start":{"line":170,"column":4},"end":{"line":170,"column":88}},{"start":{},"end":{}}]},"11":{"loc":{"start":{"line":171,"column":4},"end":{"line":171,"column":94}},"type":"if","locations":[{"start":{"line":171,"column":4},"end":{"line":171,"column":94}},{"start":{},"end":{}}]},"12":{"loc":{"start":{"line":172,"column":4},"end":{"line":172,"column":100}},"type":"if","locations":[{"start":{"line":172,"column":4},"end":{"line":172,"column":100}},{"start":{},"end":{}}]},"13":{"loc":{"start":{"line":173,"column":4},"end":{"line":173,"column":82}},"type":"if","locations":[{"start":{"line":173,"column":4},"end":{"line":173,"column":82}},{"start":{},"end":{}}]},"14":{"loc":{"start":{"line":176,"column":4},"end":{"line":176,"column":109}},"type":"if","locations":[{"start":{"line":176,"column":4},"end":{"line":176,"column":109}},{"start":{},"end":{}}]},"15":{"loc":{"start":{"line":177,"column":4},"end":{"line":177,"column":109}},"type":"if","locations":[{"start":{"line":177,"column":4},"end":{"line":177,"column":109}},{"start":{},"end":{}}]},"16":{"loc":{"start":{"line":178,"column":4},"end":{"line":178,"column":118}},"type":"if","locations":[{"start":{"line":178,"column":4},"end":{"line":178,"column":118}},{"start":{},"end":{}}]},"17":{"loc":{"start":{"line":181,"column":4},"end":{"line":183,"column":5}},"type":"if","locations":[{"start":{"line":181,"column":4},"end":{"line":183,"column":5}},{"start":{},"end":{}}]},"18":{"loc":{"start":{"line":187,"column":4},"end":{"line":216,"column":5}},"type":"if","locations":[{"start":{"line":187,"column":4},"end":{"line":216,"column":5}},{"start":{},"end":{}}]},"19":{"loc":{"start":{"line":187,"column":8},"end":{"line":187,"column":68}},"type":"binary-expr","locations":[{"start":{"line":187,"column":8},"end":{"line":187,"column":19}},{"start":{"line":187,"column":23},"end":{"line":187,"column":68}}]},"20":{"loc":{"start":{"line":200,"column":30},"end":{"line":200,"column":91}},"type":"binary-expr","locations":[{"start":{"line":200,"column":30},"end":{"line":200,"column":53}},{"start":{"line":200,"column":57},"end":{"line":200,"column":91}}]},"21":{"loc":{"start":{"line":201,"column":29},"end":{"line":201,"column":64}},"type":"binary-expr","locations":[{"start":{"line":201,"column":29},"end":{"line":201,"column":44}},{"start":{"line":201,"column":48},"end":{"line":201,"column":64}}]},"22":{"loc":{"start":{"line":203,"column":6},"end":{"line":215,"column":7}},"type":"if","locations":[{"start":{"line":203,"column":6},"end":{"line":215,"column":7}},{"start":{},"end":{}}]},"23":{"loc":{"start":{"line":203,"column":10},"end":{"line":203,"column":59}},"type":"binary-expr","locations":[{"start":{"line":203,"column":10},"end":{"line":203,"column":25}},{"start":{"line":203,"column":29},"end":{"line":203,"column":44}},{"start":{"line":203,"column":48},"end":{"line":203,"column":59}}]},"24":{"loc":{"start":{"line":231,"column":11},"end":{"line":231,"column":45}},"type":"cond-expr","locations":[{"start":{"line":231,"column":18},"end":{"line":231,"column":38}},{"start":{"line":231,"column":41},"end":{"line":231,"column":45}}]},"25":{"loc":{"start":{"line":242,"column":4},"end":{"line":244,"column":5}},"type":"if","locations":[{"start":{"line":242,"column":4},"end":{"line":244,"column":5}},{"start":{},"end":{}}]},"26":{"loc":{"start":{"line":292,"column":6},"end":{"line":298,"column":7}},"type":"if","locations":[{"start":{"line":292,"column":6},"end":{"line":298,"column":7}},{"start":{},"end":{}}]},"27":{"loc":{"start":{"line":294,"column":8},"end":{"line":297,"column":9}},"type":"if","locations":[{"start":{"line":294,"column":8},"end":{"line":297,"column":9}},{"start":{},"end":{}}]},"28":{"loc":{"start":{"line":301,"column":4},"end":{"line":303,"column":5}},"type":"if","locations":[{"start":{"line":301,"column":4},"end":{"line":303,"column":5}},{"start":{},"end":{}}]},"29":{"loc":{"start":{"line":334,"column":4},"end":{"line":336,"column":5}},"type":"if","locations":[{"start":{"line":334,"column":4},"end":{"line":336,"column":5}},{"start":{},"end":{}}]},"30":{"loc":{"start":{"line":334,"column":8},"end":{"line":334,"column":45}},"type":"binary-expr","locations":[{"start":{"line":334,"column":8},"end":{"line":334,"column":13}},{"start":{"line":334,"column":17},"end":{"line":334,"column":45}}]},"31":{"loc":{"start":{"line":341,"column":4},"end":{"line":343,"column":5}},"type":"if","locations":[{"start":{"line":341,"column":4},"end":{"line":343,"column":5}},{"start":{},"end":{}}]},"32":{"loc":{"start":{"line":370,"column":4},"end":{"line":372,"column":5}},"type":"if","locations":[{"start":{"line":370,"column":4},"end":{"line":372,"column":5}},{"start":{},"end":{}}]},"33":{"loc":{"start":{"line":375,"column":4},"end":{"line":377,"column":5}},"type":"if","locations":[{"start":{"line":375,"column":4},"end":{"line":377,"column":5}},{"start":{},"end":{}}]}},"s":{"0":1,"1":1,"2":1,"3":1,"4":1,"5":1,"6":1,"7":1,"8":1,"9":16,"10":16,"11":16,"12":3,"13":3,"14":3,"15":1,"16":2,"17":2,"18":2,"19":2,"20":2,"21":2,"22":2,"23":2,"24":2,"25":3,"26":3,"27":3,"28":1,"29":2,"30":2,"31":1,"32":1,"33":1,"34":2,"35":2,"36":1,"37":1,"38":2,"39":2,"40":1,"41":2,"42":0,"43":2,"44":0,"45":2,"46":2,"47":2,"48":1,"49":2,"50":0,"51":2,"52":0,"53":2,"54":1,"55":2,"56":1,"57":2,"58":1,"59":2,"60":0,"61":2,"62":0,"63":2,"64":2,"65":1,"66":1,"67":1,"68":1,"69":1,"70":1,"71":2,"72":2,"73":0,"74":0,"75":2,"76":2,"77":2,"78":1,"79":1,"80":1,"81":1,"82":1,"83":1,"84":1,"85":1,"86":2,"87":2,"88":2,"89":2,"90":1,"91":1,"92":1,"93":1,"94":1,"95":2,"96":1,"97":1,"98":1,"99":1,"100":2,"101":2,"102":2,"103":0,"104":2,"105":2,"106":1,"107":1,"108":1,"109":0,"110":0,"111":0,"112":0,"113":0,"114":0,"115":0,"116":0,"117":0,"118":0,"119":0,"120":0,"121":1,"122":1},"f":{"0":16,"1":3,"2":3,"3":2,"4":2,"5":0,"6":2,"7":2,"8":2,"9":0},"b":{"0":[1,2],"1":[1,1],"2":[2,2],"3":[1,2],"4":[1,1],"5":[1,1],"6":[1,1],"7":[0,2],"8":[0,2],"9":[2,0],"10":[1,1],"11":[0,2],"12":[0,2],"13":[1,1],"14":[1,1],"15":[1,1],"16":[0,2],"17":[0,2],"18":[1,1],"19":[2,2],"20":[1,1],"21":[1,1],"22":[1,0],"23":[1,1,1],"24":[0,0],"25":[1,1],"26":[1,0],"27":[1,0],"28":[1,1],"29":[0,2],"30":[2,2],"31":[1,1],"32":[0,0],"33":[0,0]}}
,"C:\\Users\\mimiv\\source\\repos\\testingapps\\backend\\src\\modules\\auth\\guards\\jwt-auth.guard.ts": {"path":"C:\\Users\\mimiv\\source\\repos\\testingapps\\backend\\src\\modules\\auth\\guards\\jwt-auth.guard.ts","statementMap":{"0":{"start":{"line":1,"column":0},"end":{"line":1,"column":62}},"1":{"start":{"line":2,"column":0},"end":{"line":2,"column":45}},"2":{"start":{"line":5,"column":7},"end":{"line":9,"column":null}},"3":{"start":{"line":7,"column":4},"end":{"line":7,"column":38}},"4":{"start":{"line":5,"column":13},"end":{"line":5,"column":25}},"5":{"start":{"line":5,"column":13},"end":{"line":9,"column":null}}},"fnMap":{"0":{"name":"(anonymous_1)","decl":{"start":{"line":6,"column":2},"end":{"line":6,"column":13}},"loc":{"start":{"line":6,"column":39},"end":{"line":8,"column":3}}}},"branchMap":{},"s":{"0":0,"1":0,"2":0,"3":0,"4":0,"5":0},"f":{"0":0},"b":{}}
,"C:\\Users\\mimiv\\source\\repos\\testingapps\\backend\\src\\modules\\auth\\strategies\\jwt.strategy.ts": {"path":"C:\\Users\\mimiv\\source\\repos\\testingapps\\backend\\src\\modules\\auth\\strategies\\jwt.strategy.ts","statementMap":{"0":{"start":{"line":1,"column":0},"end":{"line":1,"column":44}},"1":{"start":{"line":2,"column":0},"end":{"line":2,"column":52}},"2":{"start":{"line":3,"column":0},"end":{"line":3,"column":52}},"3":{"start":{"line":4,"column":0},"end":{"line":4,"column":47}},"4":{"start":{"line":7,"column":7},"end":{"line":19,"column":null}},"5":{"start":{"line":9,"column":4},"end":{"line":13,"column":7}},"6":{"start":{"line":8,"column":22},"end":{"line":8,"column":37}},"7":{"start":{"line":17,"column":4},"end":{"line":17,"column":89}},"8":{"start":{"line":7,"column":13},"end":{"line":7,"column":24}},"9":{"start":{"line":7,"column":13},"end":{"line":19,"column":null}}},"fnMap":{"0":{"name":"(anonymous_2)","decl":{"start":{"line":8,"column":2},"end":{"line":8,"column":22}},"loc":{"start":{"line":8,"column":50},"end":{"line":14,"column":3}}},"1":{"name":"(anonymous_3)","decl":{"start":{"line":16,"column":2},"end":{"line":16,"column":7}},"loc":{"start":{"line":16,"column":29},"end":{"line":18,"column":3}}}},"branchMap":{"0":{"loc":{"start":{"line":17,"column":60},"end":{"line":17,"column":86}},"type":"binary-expr","locations":[{"start":{"line":17,"column":60},"end":{"line":17,"column":73}},{"start":{"line":17,"column":77},"end":{"line":17,"column":86}}]}},"s":{"0":0,"1":0,"2":0,"3":0,"4":0,"5":0,"6":0,"7":0,"8":0,"9":0},"f":{"0":0,"1":0},"b":{"0":[0,0]}}
,"C:\\Users\\mimiv\\source\\repos\\testingapps\\backend\\src\\modules\\jobs\\jobs.controller.ts": {"path":"C:\\Users\\mimiv\\source\\repos\\testingapps\\backend\\src\\modules\\jobs\\jobs.controller.ts","statementMap":{"0":{"start":{"line":1,"column":0},"end":{"line":1,"column":102}},"1":{"start":{"line":2,"column":0},"end":{"line":2,"column":103}},"2":{"start":{"line":3,"column":0},"end":{"line":3,"column":45}},"3":{"start":{"line":4,"column":0},"end":{"line":4,"column":61}},"4":{"start":{"line":5,"column":0},"end":{"line":5,"column":65}},"5":{"start":{"line":6,"column":0},"end":{"line":6,"column":56}},"6":{"start":{"line":7,"column":0},"end":{"line":7,"column":64}},"7":{"start":{"line":21,"column":27},"end":{"line":95,"column":null}},"8":{"start":{"line":22,"column":28},"end":{"line":22,"column":59}},"9":{"start":{"line":24,"column":22},"end":{"line":24,"column":35}},"10":{"start":{"line":46,"column":4},"end":{"line":46,"column":62}},"11":{"start":{"line":47,"column":4},"end":{"line":47,"column":81}},"12":{"start":{"line":68,"column":4},"end":{"line":68,"column":63}},"13":{"start":{"line":69,"column":4},"end":{"line":69,"column":54}},"14":{"start":{"line":92,"column":4},"end":{"line":92,"column":94}},"15":{"start":{"line":93,"column":4},"end":{"line":93,"column":71}},"16":{"start":{"line":21,"column":13},"end":{"line":21,"column":27}},"17":{"start":{"line":45,"column":8},"end":{"line":48,"column":null}},"18":{"start":{"line":67,"column":8},"end":{"line":70,"column":null}},"19":{"start":{"line":91,"column":8},"end":{"line":94,"column":null}},"20":{"start":{"line":21,"column":13},"end":{"line":95,"column":null}}},"fnMap":{"0":{"name":"(anonymous_4)","decl":{"start":{"line":24,"column":2},"end":{"line":24,"column":22}},"loc":{"start":{"line":24,"column":46},"end":{"line":24,"column":50}}},"1":{"name":"(anonymous_5)","decl":{"start":{"line":45,"column":8},"end":{"line":45,"column":15}},"loc":{"start":{"line":45,"column":91},"end":{"line":48,"column":3}}},"2":{"name":"(anonymous_6)","decl":{"start":{"line":67,"column":8},"end":{"line":67,"column":15}},"loc":{"start":{"line":67,"column":77},"end":{"line":70,"column":3}}},"3":{"name":"(anonymous_7)","decl":{"start":{"line":91,"column":8},"end":{"line":91,"column":20}},"loc":{"start":{"line":91,"column":122},"end":{"line":94,"column":3}}}},"branchMap":{},"s":{"0":0,"1":0,"2":0,"3":0,"4":0,"5":0,"6":0,"7":0,"8":0,"9":0,"10":0,"11":0,"12":0,"13":0,"14":0,"15":0,"16":0,"17":0,"18":0,"19":0,"20":0},"f":{"0":0,"1":0,"2":0,"3":0},"b":{}}
,"C:\\Users\\mimiv\\source\\repos\\testingapps\\backend\\src\\modules\\jobs\\jobs.service.ts": {"path":"C:\\Users\\mimiv\\source\\repos\\testingapps\\backend\\src\\modules\\jobs\\jobs.service.ts","statementMap":{"0":{"start":{"line":1,"column":0},"end":{"line":1,"column":112}},"1":{"start":{"line":2,"column":0},"end":{"line":2,"column":77}},"2":{"start":{"line":3,"column":0},"end":{"line":3,"column":78}},"3":{"start":{"line":6,"column":0},"end":{"line":6,"column":62}},"4":{"start":{"line":9,"column":24},"end":{"line":174,"column":null}},"5":{"start":{"line":10,"column":28},"end":{"line":10,"column":56}},"6":{"start":{"line":13,"column":12},"end":{"line":13,"column":20}},"7":{"start":{"line":14,"column":12},"end":{"line":14,"column":34}},"8":{"start":{"line":18,"column":4},"end":{"line":18,"column":85}},"9":{"start":{"line":19,"column":23},"end":{"line":19,"column":53}},"10":{"start":{"line":20,"column":27},"end":{"line":20,"column":40}},"11":{"start":{"line":22,"column":18},"end":{"line":24,"column":27}},"12":{"start":{"line":26,"column":26},"end":{"line":59,"column":6}},"13":{"start":{"line":61,"column":4},"end":{"line":69,"column":6}},"14":{"start":{"line":73,"column":4},"end":{"line":73,"column":62}},"15":{"start":{"line":74,"column":16},"end":{"line":101,"column":6}},"16":{"start":{"line":103,"column":4},"end":{"line":105,"column":5}},"17":{"start":{"line":104,"column":6},"end":{"line":104,"column":65}},"18":{"start":{"line":107,"column":4},"end":{"line":109,"column":5}},"19":{"start":{"line":108,"column":6},"end":{"line":108,"column":87}},"20":{"start":{"line":111,"column":4},"end":{"line":111,"column":15}},"21":{"start":{"line":115,"column":4},"end":{"line":115,"column":93}},"22":{"start":{"line":116,"column":16},"end":{"line":118,"column":6}},"23":{"start":{"line":120,"column":4},"end":{"line":122,"column":5}},"24":{"start":{"line":121,"column":6},"end":{"line":121,"column":65}},"25":{"start":{"line":125,"column":4},"end":{"line":127,"column":5}},"26":{"start":{"line":126,"column":6},"end":{"line":126,"column":108}},"27":{"start":{"line":130,"column":4},"end":{"line":132,"column":5}},"28":{"start":{"line":131,"column":6},"end":{"line":131,"column":93}},"29":{"start":{"line":134,"column":28},"end":{"line":134,"column":57}},"30":{"start":{"line":137,"column":4},"end":{"line":141,"column":5}},"31":{"start":{"line":138,"column":6},"end":{"line":138,"column":40}},"32":{"start":{"line":139,"column":11},"end":{"line":141,"column":5}},"33":{"start":{"line":140,"column":6},"end":{"line":140,"column":42}},"34":{"start":{"line":144,"column":23},"end":{"line":159,"column":6}},"35":{"start":{"line":145,"column":22},"end":{"line":148,"column":8}},"36":{"start":{"line":151,"column":6},"end":{"line":156,"column":7}},"37":{"start":{"line":152,"column":8},"end":{"line":155,"column":11}},"38":{"start":{"line":158,"column":6},"end":{"line":158,"column":21}},"39":{"start":{"line":162,"column":4},"end":{"line":170,"column":5}},"40":{"start":{"line":163,"column":6},"end":{"line":169,"column":8}},"41":{"start":{"line":172,"column":4},"end":{"line":172,"column":22}},"42":{"start":{"line":9,"column":13},"end":{"line":9,"column":24}},"43":{"start":{"line":9,"column":13},"end":{"line":174,"column":null}}},"fnMap":{"0":{"name":"(anonymous_2)","decl":{"start":{"line":12,"column":2},"end":{"line":12,"column":null}},"loc":{"start":{"line":14,"column":54},"end":{"line":15,"column":6}}},"1":{"name":"(anonymous_3)","decl":{"start":{"line":17,"column":2},"end":{"line":17,"column":7}},"loc":{"start":{"line":17,"column":81},"end":{"line":70,"column":3}}},"2":{"name":"(anonymous_4)","decl":{"start":{"line":72,"column":2},"end":{"line":72,"column":7}},"loc":{"start":{"line":72,"column":42},"end":{"line":112,"column":3}}},"3":{"name":"(anonymous_5)","decl":{"start":{"line":114,"column":2},"end":{"line":114,"column":7}},"loc":{"start":{"line":114,"column":79},"end":{"line":173,"column":3}}},"4":{"name":"(anonymous_6)","decl":{"start":{"line":144,"column":54},"end":{"line":144,"column":59}},"loc":{"start":{"line":144,"column":71},"end":{"line":159,"column":5}}}},"branchMap":{"0":{"loc":{"start":{"line":22,"column":18},"end":{"line":24,"column":27}},"type":"cond-expr","locations":[{"start":{"line":23,"column":8},"end":{"line":23,"column":30}},{"start":{"line":24,"column":8},"end":{"line":24,"column":27}}]},"1":{"loc":{"start":{"line":103,"column":4},"end":{"line":105,"column":5}},"type":"if","locations":[{"start":{"line":103,"column":4},"end":{"line":105,"column":5}},{"start":{},"end":{}}]},"2":{"loc":{"start":{"line":107,"column":4},"end":{"line":109,"column":5}},"type":"if","locations":[{"start":{"line":107,"column":4},"end":{"line":109,"column":5}},{"start":{},"end":{}}]},"3":{"loc":{"start":{"line":107,"column":8},"end":{"line":107,"column":59}},"type":"binary-expr","locations":[{"start":{"line":107,"column":8},"end":{"line":107,"column":30}},{"start":{"line":107,"column":34},"end":{"line":107,"column":59}}]},"4":{"loc":{"start":{"line":120,"column":4},"end":{"line":122,"column":5}},"type":"if","locations":[{"start":{"line":120,"column":4},"end":{"line":122,"column":5}},{"start":{},"end":{}}]},"5":{"loc":{"start":{"line":125,"column":4},"end":{"line":127,"column":5}},"type":"if","locations":[{"start":{"line":125,"column":4},"end":{"line":127,"column":5}},{"start":{},"end":{}}]},"6":{"loc":{"start":{"line":130,"column":4},"end":{"line":132,"column":5}},"type":"if","locations":[{"start":{"line":130,"column":4},"end":{"line":132,"column":5}},{"start":{},"end":{}}]},"7":{"loc":{"start":{"line":130,"column":8},"end":{"line":130,"column":87}},"type":"binary-expr","locations":[{"start":{"line":130,"column":8},"end":{"line":130,"column":42}},{"start":{"line":130,"column":46},"end":{"line":130,"column":87}}]},"8":{"loc":{"start":{"line":137,"column":4},"end":{"line":141,"column":5}},"type":"if","locations":[{"start":{"line":137,"column":4},"end":{"line":141,"column":5}},{"start":{"line":139,"column":11},"end":{"line":141,"column":5}}]},"9":{"loc":{"start":{"line":137,"column":8},"end":{"line":137,"column":69}},"type":"binary-expr","locations":[{"start":{"line":137,"column":8},"end":{"line":137,"column":51}},{"start":{"line":137,"column":55},"end":{"line":137,"column":69}}]},"10":{"loc":{"start":{"line":139,"column":11},"end":{"line":141,"column":5}},"type":"if","locations":[{"start":{"line":139,"column":11},"end":{"line":141,"column":5}},{"start":{},"end":{}}]},"11":{"loc":{"start":{"line":139,"column":15},"end":{"line":139,"column":76}},"type":"binary-expr","locations":[{"start":{"line":139,"column":15},"end":{"line":139,"column":56}},{"start":{"line":139,"column":60},"end":{"line":139,"column":76}}]},"12":{"loc":{"start":{"line":151,"column":6},"end":{"line":156,"column":7}},"type":"if","locations":[{"start":{"line":151,"column":6},"end":{"line":156,"column":7}},{"start":{},"end":{}}]},"13":{"loc":{"start":{"line":162,"column":4},"end":{"line":170,"column":5}},"type":"if","locations":[{"start":{"line":162,"column":4},"end":{"line":170,"column":5}},{"start":{},"end":{}}]}},"s":{"0":1,"1":1,"2":1,"3":1,"4":1,"5":12,"6":12,"7":12,"8":3,"9":3,"10":3,"11":3,"12":3,"13":3,"14":4,"15":4,"16":4,"17":1,"18":3,"19":1,"20":2,"21":5,"22":5,"23":5,"24":1,"25":4,"26":1,"27":3,"28":1,"29":2,"30":2,"31":1,"32":1,"33":1,"34":2,"35":2,"36":2,"37":1,"38":2,"39":2,"40":1,"41":2,"42":1,"43":1},"f":{"0":12,"1":3,"2":4,"3":5,"4":2},"b":{"0":[1,2],"1":[1,3],"2":[1,2],"3":[3,2],"4":[1,4],"5":[1,3],"6":[1,2],"7":[3,1],"8":[1,1],"9":[2,1],"10":[1,0],"11":[1,1],"12":[1,1],"13":[1,1]}}
,"C:\\Users\\mimiv\\source\\repos\\testingapps\\backend\\src\\modules\\maintenance\\maintenance.controller.ts": {"path":"C:\\Users\\mimiv\\source\\repos\\testingapps\\backend\\src\\modules\\maintenance\\maintenance.controller.ts","statementMap":{"0":{"start":{"line":1,"column":0},"end":{"line":1,"column":96}},"1":{"start":{"line":2,"column":0},"end":{"line":2,"column":84}},"2":{"start":{"line":3,"column":0},"end":{"line":3,"column":59}},"3":{"start":{"line":4,"column":0},"end":{"line":4,"column":61}},"4":{"start":{"line":5,"column":0},"end":{"line":5,"column":81}},"5":{"start":{"line":12,"column":7},"end":{"line":39,"column":null}},"6":{"start":{"line":13,"column":22},"end":{"line":13,"column":42}},"7":{"start":{"line":19,"column":4},"end":{"line":19,"column":78}},"8":{"start":{"line":30,"column":4},"end":{"line":30,"column":73}},"9":{"start":{"line":37,"column":4},"end":{"line":37,"column":60}},"10":{"start":{"line":12,"column":13},"end":{"line":12,"column":34}},"11":{"start":{"line":18,"column":8},"end":{"line":20,"column":null}},"12":{"start":{"line":25,"column":8},"end":{"line":31,"column":null}},"13":{"start":{"line":36,"column":8},"end":{"line":38,"column":null}},"14":{"start":{"line":12,"column":13},"end":{"line":39,"column":null}}},"fnMap":{"0":{"name":"(anonymous_4)","decl":{"start":{"line":13,"column":2},"end":{"line":13,"column":22}},"loc":{"start":{"line":13,"column":60},"end":{"line":13,"column":64}}},"1":{"name":"(anonymous_5)","decl":{"start":{"line":18,"column":8},"end":{"line":18,"column":15}},"loc":{"start":{"line":18,"column":91},"end":{"line":20,"column":3}}},"2":{"name":"(anonymous_6)","decl":{"start":{"line":25,"column":8},"end":{"line":25,"column":14}},"loc":{"start":{"line":28,"column":44},"end":{"line":31,"column":3}}},"3":{"name":"(anonymous_7)","decl":{"start":{"line":36,"column":8},"end":{"line":36,"column":14}},"loc":{"start":{"line":36,"column":76},"end":{"line":38,"column":3}}}},"branchMap":{},"s":{"0":0,"1":0,"2":0,"3":0,"4":0,"5":0,"6":0,"7":0,"8":0,"9":0,"10":0,"11":0,"12":0,"13":0,"14":0},"f":{"0":0,"1":0,"2":0,"3":0},"b":{}}
,"C:\\Users\\mimiv\\source\\repos\\testingapps\\backend\\src\\modules\\maintenance\\maintenance.service.ts": {"path":"C:\\Users\\mimiv\\source\\repos\\testingapps\\backend\\src\\modules\\maintenance\\maintenance.service.ts","statementMap":{"0":{"start":{"line":1,"column":0},"end":{"line":1,"column":83}},"1":{"start":{"line":2,"column":0},"end":{"line":2,"column":77}},"2":{"start":{"line":6,"column":7},"end":{"line":76,"column":null}},"3":{"start":{"line":7,"column":22},"end":{"line":7,"column":30}},"4":{"start":{"line":11,"column":20},"end":{"line":13,"column":6}},"5":{"start":{"line":15,"column":4},"end":{"line":17,"column":5}},"6":{"start":{"line":16,"column":6},"end":{"line":16,"column":55}},"7":{"start":{"line":19,"column":4},"end":{"line":21,"column":5}},"8":{"start":{"line":20,"column":6},"end":{"line":20,"column":98}},"9":{"start":{"line":23,"column":4},"end":{"line":26,"column":7}},"10":{"start":{"line":31,"column":20},"end":{"line":33,"column":6}},"11":{"start":{"line":35,"column":4},"end":{"line":37,"column":5}},"12":{"start":{"line":36,"column":6},"end":{"line":36,"column":55}},"13":{"start":{"line":39,"column":4},"end":{"line":41,"column":5}},"14":{"start":{"line":40,"column":6},"end":{"line":40,"column":96}},"15":{"start":{"line":43,"column":4},"end":{"line":53,"column":7}},"16":{"start":{"line":57,"column":19},"end":{"line":60,"column":6}},"17":{"start":{"line":62,"column":4},"end":{"line":64,"column":5}},"18":{"start":{"line":63,"column":6},"end":{"line":63,"column":66}},"19":{"start":{"line":66,"column":4},"end":{"line":68,"column":5}},"20":{"start":{"line":67,"column":6},"end":{"line":67,"column":101}},"21":{"start":{"line":70,"column":4},"end":{"line":72,"column":7}},"22":{"start":{"line":74,"column":4},"end":{"line":74,"column":66}},"23":{"start":{"line":6,"column":13},"end":{"line":6,"column":31}},"24":{"start":{"line":6,"column":13},"end":{"line":76,"column":null}}},"fnMap":{"0":{"name":"(anonymous_2)","decl":{"start":{"line":7,"column":2},"end":{"line":7,"column":22}},"loc":{"start":{"line":7,"column":43},"end":{"line":7,"column":47}}},"1":{"name":"(anonymous_3)","decl":{"start":{"line":9,"column":2},"end":{"line":9,"column":7}},"loc":{"start":{"line":9,"column":59},"end":{"line":27,"column":3}}},"2":{"name":"(anonymous_4)","decl":{"start":{"line":29,"column":2},"end":{"line":29,"column":7}},"loc":{"start":{"line":29,"column":82},"end":{"line":54,"column":3}}},"3":{"name":"(anonymous_5)","decl":{"start":{"line":56,"column":2},"end":{"line":56,"column":7}},"loc":{"start":{"line":56,"column":41},"end":{"line":75,"column":3}}}},"branchMap":{"0":{"loc":{"start":{"line":15,"column":4},"end":{"line":17,"column":5}},"type":"if","locations":[{"start":{"line":15,"column":4},"end":{"line":17,"column":5}},{"start":{},"end":{}}]},"1":{"loc":{"start":{"line":19,"column":4},"end":{"line":21,"column":5}},"type":"if","locations":[{"start":{"line":19,"column":4},"end":{"line":21,"column":5}},{"start":{},"end":{}}]},"2":{"loc":{"start":{"line":35,"column":4},"end":{"line":37,"column":5}},"type":"if","locations":[{"start":{"line":35,"column":4},"end":{"line":37,"column":5}},{"start":{},"end":{}}]},"3":{"loc":{"start":{"line":39,"column":4},"end":{"line":41,"column":5}},"type":"if","locations":[{"start":{"line":39,"column":4},"end":{"line":41,"column":5}},{"start":{},"end":{}}]},"4":{"loc":{"start":{"line":62,"column":4},"end":{"line":64,"column":5}},"type":"if","locations":[{"start":{"line":62,"column":4},"end":{"line":64,"column":5}},{"start":{},"end":{}}]},"5":{"loc":{"start":{"line":66,"column":4},"end":{"line":68,"column":5}},"type":"if","locations":[{"start":{"line":66,"column":4},"end":{"line":68,"column":5}},{"start":{},"end":{}}]}},"s":{"0":1,"1":1,"2":1,"3":5,"4":3,"5":3,"6":1,"7":2,"8":1,"9":1,"10":1,"11":1,"12":0,"13":1,"14":0,"15":1,"16":0,"17":0,"18":0,"19":0,"20":0,"21":0,"22":0,"23":1,"24":1},"f":{"0":5,"1":3,"2":1,"3":0},"b":{"0":[1,2],"1":[1,1],"2":[0,1],"3":[0,1],"4":[0,0],"5":[0,0]}}
,"C:\\Users\\mimiv\\source\\repos\\testingapps\\backend\\src\\modules\\notifications\\notifications.controller.ts": {"path":"C:\\Users\\mimiv\\source\\repos\\testingapps\\backend\\src\\modules\\notifications\\notifications.controller.ts","statementMap":{"0":{"start":{"line":1,"column":0},"end":{"line":1,"column":81}},"1":{"start":{"line":2,"column":0},"end":{"line":2,"column":71}},"2":{"start":{"line":3,"column":0},"end":{"line":3,"column":61}},"3":{"start":{"line":4,"column":0},"end":{"line":4,"column":63}},"4":{"start":{"line":11,"column":7},"end":{"line":37,"column":null}},"5":{"start":{"line":12,"column":31},"end":{"line":12,"column":53}},"6":{"start":{"line":17,"column":4},"end":{"line":17,"column":64}},"7":{"start":{"line":23,"column":4},"end":{"line":23,"column":66}},"8":{"start":{"line":29,"column":4},"end":{"line":29,"column":66}},"9":{"start":{"line":35,"column":4},"end":{"line":35,"column":65}},"10":{"start":{"line":11,"column":13},"end":{"line":11,"column":36}},"11":{"start":{"line":16,"column":2},"end":{"line":18,"column":null}},"12":{"start":{"line":22,"column":2},"end":{"line":24,"column":null}},"13":{"start":{"line":28,"column":2},"end":{"line":30,"column":null}},"14":{"start":{"line":34,"column":2},"end":{"line":36,"column":null}},"15":{"start":{"line":11,"column":13},"end":{"line":37,"column":null}}},"fnMap":{"0":{"name":"(anonymous_4)","decl":{"start":{"line":12,"column":2},"end":{"line":12,"column":31}},"loc":{"start":{"line":12,"column":73},"end":{"line":12,"column":77}}},"1":{"name":"(anonymous_5)","decl":{"start":{"line":16,"column":2},"end":{"line":16,"column":9}},"loc":{"start":{"line":16,"column":46},"end":{"line":18,"column":3}}},"2":{"name":"(anonymous_6)","decl":{"start":{"line":22,"column":2},"end":{"line":22,"column":16}},"loc":{"start":{"line":22,"column":53},"end":{"line":24,"column":3}}},"3":{"name":"(anonymous_7)","decl":{"start":{"line":28,"column":2},"end":{"line":28,"column":12}},"loc":{"start":{"line":28,"column":74},"end":{"line":30,"column":3}}},"4":{"name":"(anonymous_8)","decl":{"start":{"line":34,"column":2},"end":{"line":34,"column":15}},"loc":{"start":{"line":34,"column":52},"end":{"line":36,"column":3}}}},"branchMap":{},"s":{"0":0,"1":0,"2":0,"3":0,"4":0,"5":0,"6":0,"7":0,"8":0,"9":0,"10":0,"11":0,"12":0,"13":0,"14":0,"15":0},"f":{"0":0,"1":0,"2":0,"3":0,"4":0},"b":{}}
,"C:\\Users\\mimiv\\source\\repos\\testingapps\\backend\\src\\modules\\notifications\\notifications.service.ts": {"path":"C:\\Users\\mimiv\\source\\repos\\testingapps\\backend\\src\\modules\\notifications\\notifications.service.ts","statementMap":{"0":{"start":{"line":1,"column":0},"end":{"line":1,"column":44}},"1":{"start":{"line":2,"column":0},"end":{"line":2,"column":77}},"2":{"start":{"line":5,"column":7},"end":{"line":50,"column":null}},"3":{"start":{"line":6,"column":22},"end":{"line":6,"column":30}},"4":{"start":{"line":9,"column":4},"end":{"line":17,"column":7}},"5":{"start":{"line":21,"column":4},"end":{"line":24,"column":7}},"6":{"start":{"line":28,"column":18},"end":{"line":33,"column":6}},"7":{"start":{"line":34,"column":4},"end":{"line":34,"column":34}},"8":{"start":{"line":38,"column":4},"end":{"line":41,"column":7}},"9":{"start":{"line":45,"column":4},"end":{"line":48,"column":7}},"10":{"start":{"line":5,"column":13},"end":{"line":5,"column":33}},"11":{"start":{"line":5,"column":13},"end":{"line":50,"column":null}}},"fnMap":{"0":{"name":"(anonymous_2)","decl":{"start":{"line":6,"column":2},"end":{"line":6,"column":22}},"loc":{"start":{"line":6,"column":43},"end":{"line":6,"column":47}}},"1":{"name":"(anonymous_3)","decl":{"start":{"line":8,"column":2},"end":{"line":8,"column":7}},"loc":{"start":{"line":8,"column":90},"end":{"line":18,"column":3}}},"2":{"name":"(anonymous_4)","decl":{"start":{"line":20,"column":2},"end":{"line":20,"column":7}},"loc":{"start":{"line":20,"column":35},"end":{"line":25,"column":3}}},"3":{"name":"(anonymous_5)","decl":{"start":{"line":27,"column":2},"end":{"line":27,"column":7}},"loc":{"start":{"line":27,"column":37},"end":{"line":35,"column":3}}},"4":{"name":"(anonymous_6)","decl":{"start":{"line":37,"column":2},"end":{"line":37,"column":7}},"loc":{"start":{"line":37,"column":45},"end":{"line":42,"column":3}}},"5":{"name":"(anonymous_7)","decl":{"start":{"line":44,"column":2},"end":{"line":44,"column":7}},"loc":{"start":{"line":44,"column":36},"end":{"line":49,"column":3}}}},"branchMap":{},"s":{"0":2,"1":2,"2":2,"3":0,"4":0,"5":0,"6":0,"7":0,"8":0,"9":0,"10":2,"11":2},"f":{"0":0,"1":0,"2":0,"3":0,"4":0,"5":0},"b":{}}
,"C:\\Users\\mimiv\\source\\repos\\testingapps\\backend\\src\\modules\\payments\\payments.controller.ts": {"path":"C:\\Users\\mimiv\\source\\repos\\testingapps\\backend\\src\\modules\\payments\\payments.controller.ts","statementMap":{"0":{"start":{"line":1,"column":0},"end":{"line":1,"column":82}},"1":{"start":{"line":2,"column":0},"end":{"line":2,"column":71}},"2":{"start":{"line":3,"column":0},"end":{"line":3,"column":53}},"3":{"start":{"line":4,"column":0},"end":{"line":4,"column":61}},"4":{"start":{"line":11,"column":7},"end":{"line":37,"column":null}},"5":{"start":{"line":12,"column":22},"end":{"line":12,"column":39}},"6":{"start":{"line":17,"column":4},"end":{"line":17,"column":79}},"7":{"start":{"line":23,"column":4},"end":{"line":23,"column":66}},"8":{"start":{"line":29,"column":4},"end":{"line":29,"column":59}},"9":{"start":{"line":35,"column":4},"end":{"line":35,"column":66}},"10":{"start":{"line":11,"column":13},"end":{"line":11,"column":31}},"11":{"start":{"line":16,"column":8},"end":{"line":18,"column":null}},"12":{"start":{"line":22,"column":8},"end":{"line":24,"column":null}},"13":{"start":{"line":28,"column":8},"end":{"line":30,"column":null}},"14":{"start":{"line":34,"column":8},"end":{"line":36,"column":null}},"15":{"start":{"line":11,"column":13},"end":{"line":37,"column":null}}},"fnMap":{"0":{"name":"(anonymous_4)","decl":{"start":{"line":12,"column":2},"end":{"line":12,"column":22}},"loc":{"start":{"line":12,"column":54},"end":{"line":12,"column":58}}},"1":{"name":"(anonymous_5)","decl":{"start":{"line":16,"column":8},"end":{"line":16,"column":24}},"loc":{"start":{"line":16,"column":61},"end":{"line":18,"column":3}}},"2":{"name":"(anonymous_6)","decl":{"start":{"line":22,"column":8},"end":{"line":22,"column":20}},"loc":{"start":{"line":22,"column":88},"end":{"line":24,"column":3}}},"3":{"name":"(anonymous_7)","decl":{"start":{"line":28,"column":8},"end":{"line":28,"column":23}},"loc":{"start":{"line":28,"column":61},"end":{"line":30,"column":3}}},"4":{"name":"(anonymous_8)","decl":{"start":{"line":34,"column":8},"end":{"line":34,"column":20}},"loc":{"start":{"line":34,"column":88},"end":{"line":36,"column":3}}}},"branchMap":{},"s":{"0":0,"1":0,"2":0,"3":0,"4":0,"5":0,"6":0,"7":0,"8":0,"9":0,"10":0,"11":0,"12":0,"13":0,"14":0,"15":0},"f":{"0":0,"1":0,"2":0,"3":0,"4":0},"b":{}}
,"C:\\Users\\mimiv\\source\\repos\\testingapps\\backend\\src\\modules\\payments\\payments.service.ts": {"path":"C:\\Users\\mimiv\\source\\repos\\testingapps\\backend\\src\\modules\\payments\\payments.service.ts","statementMap":{"0":{"start":{"line":1,"column":0},"end":{"line":1,"column":104}},"1":{"start":{"line":2,"column":0},"end":{"line":2,"column":47}},"2":{"start":{"line":3,"column":0},"end":{"line":3,"column":77}},"3":{"start":{"line":4,"column":0},"end":{"line":4,"column":28}},"4":{"start":{"line":7,"column":7},"end":{"line":162,"column":null}},"5":{"start":{"line":11,"column":12},"end":{"line":11,"column":27}},"6":{"start":{"line":12,"column":12},"end":{"line":12,"column":20}},"7":{"start":{"line":14,"column":4},"end":{"line":17,"column":6}},"8":{"start":{"line":21,"column":16},"end":{"line":27,"column":6}},"9":{"start":{"line":29,"column":4},"end":{"line":31,"column":5}},"10":{"start":{"line":30,"column":6},"end":{"line":30,"column":51}},"11":{"start":{"line":33,"column":4},"end":{"line":35,"column":5}},"12":{"start":{"line":34,"column":6},"end":{"line":34,"column":73}},"13":{"start":{"line":37,"column":4},"end":{"line":39,"column":5}},"14":{"start":{"line":38,"column":6},"end":{"line":38,"column":76}},"15":{"start":{"line":41,"column":4},"end":{"line":43,"column":5}},"16":{"start":{"line":42,"column":6},"end":{"line":42,"column":75}},"17":{"start":{"line":46,"column":26},"end":{"line":54,"column":6}},"18":{"start":{"line":57,"column":20},"end":{"line":66,"column":6}},"19":{"start":{"line":68,"column":4},"end":{"line":71,"column":6}},"20":{"start":{"line":75,"column":20},"end":{"line":77,"column":6}},"21":{"start":{"line":79,"column":4},"end":{"line":81,"column":5}},"22":{"start":{"line":80,"column":6},"end":{"line":80,"column":55}},"23":{"start":{"line":83,"column":4},"end":{"line":85,"column":5}},"24":{"start":{"line":84,"column":6},"end":{"line":84,"column":21}},"25":{"start":{"line":87,"column":27},"end":{"line":90,"column":6}},"26":{"start":{"line":92,"column":4},"end":{"line":92,"column":26}},"27":{"start":{"line":96,"column":16},"end":{"line":102,"column":6}},"28":{"start":{"line":104,"column":4},"end":{"line":106,"column":5}},"29":{"start":{"line":105,"column":6},"end":{"line":105,"column":51}},"30":{"start":{"line":108,"column":4},"end":{"line":110,"column":5}},"31":{"start":{"line":109,"column":6},"end":{"line":109,"column":84}},"32":{"start":{"line":112,"column":20},"end":{"line":112,"column":37}},"33":{"start":{"line":113,"column":4},"end":{"line":115,"column":5}},"34":{"start":{"line":114,"column":6},"end":{"line":114,"column":70}},"35":{"start":{"line":119,"column":4},"end":{"line":123,"column":6}},"36":{"start":{"line":127,"column":23},"end":{"line":127,"column":53}},"37":{"start":{"line":129,"column":4},"end":{"line":160,"column":7}},"38":{"start":{"line":7,"column":13},"end":{"line":7,"column":28}},"39":{"start":{"line":7,"column":13},"end":{"line":162,"column":null}}},"fnMap":{"0":{"name":"(anonymous_3)","decl":{"start":{"line":10,"column":2},"end":{"line":10,"column":null}},"loc":{"start":{"line":12,"column":33},"end":{"line":18,"column":3}}},"1":{"name":"(anonymous_4)","decl":{"start":{"line":20,"column":2},"end":{"line":20,"column":7}},"loc":{"start":{"line":20,"column":50},"end":{"line":72,"column":3}}},"2":{"name":"(anonymous_5)","decl":{"start":{"line":74,"column":2},"end":{"line":74,"column":7}},"loc":{"start":{"line":74,"column":41},"end":{"line":93,"column":3}}},"3":{"name":"(anonymous_6)","decl":{"start":{"line":95,"column":2},"end":{"line":95,"column":7}},"loc":{"start":{"line":95,"column":50},"end":{"line":124,"column":3}}},"4":{"name":"(anonymous_7)","decl":{"start":{"line":126,"column":2},"end":{"line":126,"column":7}},"loc":{"start":{"line":126,"column":60},"end":{"line":161,"column":3}}}},"branchMap":{"0":{"loc":{"start":{"line":29,"column":4},"end":{"line":31,"column":5}},"type":"if","locations":[{"start":{"line":29,"column":4},"end":{"line":31,"column":5}},{"start":{},"end":{}}]},"1":{"loc":{"start":{"line":33,"column":4},"end":{"line":35,"column":5}},"type":"if","locations":[{"start":{"line":33,"column":4},"end":{"line":35,"column":5}},{"start":{},"end":{}}]},"2":{"loc":{"start":{"line":37,"column":4},"end":{"line":39,"column":5}},"type":"if","locations":[{"start":{"line":37,"column":4},"end":{"line":39,"column":5}},{"start":{},"end":{}}]},"3":{"loc":{"start":{"line":41,"column":4},"end":{"line":43,"column":5}},"type":"if","locations":[{"start":{"line":41,"column":4},"end":{"line":43,"column":5}},{"start":{},"end":{}}]},"4":{"loc":{"start":{"line":41,"column":8},"end":{"line":41,"column":47}},"type":"binary-expr","locations":[{"start":{"line":41,"column":8},"end":{"line":41,"column":20}},{"start":{"line":41,"column":24},"end":{"line":41,"column":47}}]},"5":{"loc":{"start":{"line":79,"column":4},"end":{"line":81,"column":5}},"type":"if","locations":[{"start":{"line":79,"column":4},"end":{"line":81,"column":5}},{"start":{},"end":{}}]},"6":{"loc":{"start":{"line":83,"column":4},"end":{"line":85,"column":5}},"type":"if","locations":[{"start":{"line":83,"column":4},"end":{"line":85,"column":5}},{"start":{},"end":{}}]},"7":{"loc":{"start":{"line":104,"column":4},"end":{"line":106,"column":5}},"type":"if","locations":[{"start":{"line":104,"column":4},"end":{"line":106,"column":5}},{"start":{},"end":{}}]},"8":{"loc":{"start":{"line":108,"column":4},"end":{"line":110,"column":5}},"type":"if","locations":[{"start":{"line":108,"column":4},"end":{"line":110,"column":5}},{"start":{},"end":{}}]},"9":{"loc":{"start":{"line":113,"column":4},"end":{"line":115,"column":5}},"type":"if","locations":[{"start":{"line":113,"column":4},"end":{"line":115,"column":5}},{"start":{},"end":{}}]},"10":{"loc":{"start":{"line":113,"column":8},"end":{"line":113,"column":45}},"type":"binary-expr","locations":[{"start":{"line":113,"column":8},"end":{"line":113,"column":16}},{"start":{"line":113,"column":20},"end":{"line":113,"column":45}}]},"11":{"loc":{"start":{"line":130,"column":13},"end":{"line":132,"column":29}},"type":"cond-expr","locations":[{"start":{"line":131,"column":10},"end":{"line":131,"column":32}},{"start":{"line":132,"column":10},"end":{"line":132,"column":29}}]}},"s":{"0":0,"1":0,"2":0,"3":0,"4":0,"5":0,"6":0,"7":0,"8":0,"9":0,"10":0,"11":0,"12":0,"13":0,"14":0,"15":0,"16":0,"17":0,"18":0,"19":0,"20":0,"21":0,"22":0,"23":0,"24":0,"25":0,"26":0,"27":0,"28":0,"29":0,"30":0,"31":0,"32":0,"33":0,"34":0,"35":0,"36":0,"37":0,"38":0,"39":0},"f":{"0":0,"1":0,"2":0,"3":0,"4":0},"b":{"0":[0,0],"1":[0,0],"2":[0,0],"3":[0,0],"4":[0,0],"5":[0,0],"6":[0,0],"7":[0,0],"8":[0,0],"9":[0,0],"10":[0,0],"11":[0,0]}}
,"C:\\Users\\mimiv\\source\\repos\\testingapps\\backend\\src\\modules\\providers\\providers.controller.ts": {"path":"C:\\Users\\mimiv\\source\\repos\\testingapps\\backend\\src\\modules\\providers\\providers.controller.ts","statementMap":{"0":{"start":{"line":1,"column":0},"end":{"line":1,"column":71}},"1":{"start":{"line":2,"column":0},"end":{"line":2,"column":79}},"2":{"start":{"line":3,"column":0},"end":{"line":3,"column":55}},"3":{"start":{"line":7,"column":32},"end":{"line":49,"column":null}},"4":{"start":{"line":8,"column":28},"end":{"line":8,"column":64}},"5":{"start":{"line":10,"column":22},"end":{"line":10,"column":40}},"6":{"start":{"line":16,"column":4},"end":{"line":16,"column":68}},"7":{"start":{"line":17,"column":4},"end":{"line":17,"column":48}},"8":{"start":{"line":34,"column":20},"end":{"line":40,"column":6}},"9":{"start":{"line":41,"column":4},"end":{"line":41,"column":50}},"10":{"start":{"line":47,"column":4},"end":{"line":47,"column":45}},"11":{"start":{"line":7,"column":13},"end":{"line":7,"column":32}},"12":{"start":{"line":15,"column":8},"end":{"line":18,"column":null}},"13":{"start":{"line":27,"column":8},"end":{"line":42,"column":null}},"14":{"start":{"line":46,"column":8},"end":{"line":48,"column":null}},"15":{"start":{"line":7,"column":13},"end":{"line":49,"column":null}}},"fnMap":{"0":{"name":"(anonymous_4)","decl":{"start":{"line":10,"column":2},"end":{"line":10,"column":22}},"loc":{"start":{"line":10,"column":56},"end":{"line":10,"column":60}}},"1":{"name":"(anonymous_5)","decl":{"start":{"line":15,"column":8},"end":{"line":15,"column":20}},"loc":{"start":{"line":15,"column":20},"end":{"line":18,"column":3}}},"2":{"name":"(anonymous_6)","decl":{"start":{"line":27,"column":8},"end":{"line":27,"column":15}},"loc":{"start":{"line":32,"column":34},"end":{"line":42,"column":3}}},"3":{"name":"(anonymous_7)","decl":{"start":{"line":46,"column":8},"end":{"line":46,"column":15}},"loc":{"start":{"line":46,"column":39},"end":{"line":48,"column":3}}}},"branchMap":{"0":{"loc":{"start":{"line":38,"column":17},"end":{"line":38,"column":62}},"type":"cond-expr","locations":[{"start":{"line":38,"column":29},"end":{"line":38,"column":50}},{"start":{"line":38,"column":53},"end":{"line":38,"column":62}}]},"1":{"loc":{"start":{"line":39,"column":13},"end":{"line":39,"column":52}},"type":"cond-expr","locations":[{"start":{"line":39,"column":21},"end":{"line":39,"column":40}},{"start":{"line":39,"column":43},"end":{"line":39,"column":52}}]}},"s":{"0":0,"1":0,"2":0,"3":0,"4":0,"5":0,"6":0,"7":0,"8":0,"9":0,"10":0,"11":0,"12":0,"13":0,"14":0,"15":0},"f":{"0":0,"1":0,"2":0,"3":0},"b":{"0":[0,0],"1":[0,0]}}
,"C:\\Users\\mimiv\\source\\repos\\testingapps\\backend\\src\\modules\\providers\\providers.service.ts": {"path":"C:\\Users\\mimiv\\source\\repos\\testingapps\\backend\\src\\modules\\providers\\providers.service.ts","statementMap":{"0":{"start":{"line":1,"column":0},"end":{"line":1,"column":71}},"1":{"start":{"line":2,"column":0},"end":{"line":2,"column":77}},"2":{"start":{"line":5,"column":29},"end":{"line":162,"column":null}},"3":{"start":{"line":6,"column":28},"end":{"line":6,"column":61}},"4":{"start":{"line":8,"column":22},"end":{"line":8,"column":30}},"5":{"start":{"line":11,"column":4},"end":{"line":11,"column":52}},"6":{"start":{"line":14,"column":22},"end":{"line":43,"column":6}},"7":{"start":{"line":46,"column":4},"end":{"line":57,"column":8}},"8":{"start":{"line":46,"column":38},"end":{"line":57,"column":6}},"9":{"start":{"line":67,"column":23},"end":{"line":70,"column":6}},"10":{"start":{"line":72,"column":4},"end":{"line":74,"column":5}},"11":{"start":{"line":73,"column":6},"end":{"line":73,"column":56}},"12":{"start":{"line":76,"column":4},"end":{"line":78,"column":5}},"13":{"start":{"line":77,"column":6},"end":{"line":77,"column":52}},"14":{"start":{"line":80,"column":4},"end":{"line":82,"column":5}},"15":{"start":{"line":81,"column":6},"end":{"line":81,"column":48}},"16":{"start":{"line":84,"column":4},"end":{"line":86,"column":5}},"17":{"start":{"line":85,"column":6},"end":{"line":85,"column":48}},"18":{"start":{"line":88,"column":22},"end":{"line":115,"column":6}},"19":{"start":{"line":117,"column":4},"end":{"line":117,"column":21}},"20":{"start":{"line":121,"column":21},"end":{"line":154,"column":6}},"21":{"start":{"line":156,"column":4},"end":{"line":158,"column":5}},"22":{"start":{"line":157,"column":6},"end":{"line":157,"column":70}},"23":{"start":{"line":160,"column":4},"end":{"line":160,"column":20}},"24":{"start":{"line":5,"column":13},"end":{"line":5,"column":29}},"25":{"start":{"line":5,"column":13},"end":{"line":162,"column":null}}},"fnMap":{"0":{"name":"(anonymous_2)","decl":{"start":{"line":8,"column":2},"end":{"line":8,"column":22}},"loc":{"start":{"line":8,"column":43},"end":{"line":8,"column":47}}},"1":{"name":"(anonymous_3)","decl":{"start":{"line":10,"column":2},"end":{"line":10,"column":7}},"loc":{"start":{"line":10,"column":20},"end":{"line":58,"column":3}}},"2":{"name":"(anonymous_4)","decl":{"start":{"line":46,"column":25},"end":{"line":46,"column":33}},"loc":{"start":{"line":46,"column":38},"end":{"line":57,"column":6}}},"3":{"name":"(anonymous_5)","decl":{"start":{"line":60,"column":2},"end":{"line":60,"column":7}},"loc":{"start":{"line":66,"column":3},"end":{"line":118,"column":3}}},"4":{"name":"(anonymous_6)","decl":{"start":{"line":120,"column":2},"end":{"line":120,"column":7}},"loc":{"start":{"line":120,"column":26},"end":{"line":161,"column":3}}}},"branchMap":{"0":{"loc":{"start":{"line":48,"column":12},"end":{"line":48,"column":50}},"type":"binary-expr","locations":[{"start":{"line":48,"column":12},"end":{"line":48,"column":33}},{"start":{"line":48,"column":37},"end":{"line":48,"column":50}}]},"1":{"loc":{"start":{"line":49,"column":14},"end":{"line":49,"column":34}},"type":"binary-expr","locations":[{"start":{"line":49,"column":14},"end":{"line":49,"column":29}},{"start":{"line":49,"column":33},"end":{"line":49,"column":34}}]},"2":{"loc":{"start":{"line":50,"column":19},"end":{"line":50,"column":44}},"type":"binary-expr","locations":[{"start":{"line":50,"column":19},"end":{"line":50,"column":39}},{"start":{"line":50,"column":43},"end":{"line":50,"column":44}}]},"3":{"loc":{"start":{"line":72,"column":4},"end":{"line":74,"column":5}},"type":"if","locations":[{"start":{"line":72,"column":4},"end":{"line":74,"column":5}},{"start":{},"end":{}}]},"4":{"loc":{"start":{"line":76,"column":4},"end":{"line":78,"column":5}},"type":"if","locations":[{"start":{"line":76,"column":4},"end":{"line":78,"column":5}},{"start":{},"end":{}}]},"5":{"loc":{"start":{"line":80,"column":4},"end":{"line":82,"column":5}},"type":"if","locations":[{"start":{"line":80,"column":4},"end":{"line":82,"column":5}},{"start":{},"end":{}}]},"6":{"loc":{"start":{"line":84,"column":4},"end":{"line":86,"column":5}},"type":"if","locations":[{"start":{"line":84,"column":4},"end":{"line":86,"column":5}},{"start":{},"end":{}}]},"7":{"loc":{"start":{"line":90,"column":12},"end":{"line":90,"column":31}},"type":"binary-expr","locations":[{"start":{"line":90,"column":12},"end":{"line":90,"column":25}},{"start":{"line":90,"column":29},"end":{"line":90,"column":31}}]},"8":{"loc":{"start":{"line":156,"column":4},"end":{"line":158,"column":5}},"type":"if","locations":[{"start":{"line":156,"column":4},"end":{"line":158,"column":5}},{"start":{},"end":{}}]}},"s":{"0":0,"1":0,"2":0,"3":0,"4":0,"5":0,"6":0,"7":0,"8":0,"9":0,"10":0,"11":0,"12":0,"13":0,"14":0,"15":0,"16":0,"17":0,"18":0,"19":0,"20":0,"21":0,"22":0,"23":0,"24":0,"25":0},"f":{"0":0,"1":0,"2":0,"3":0,"4":0},"b":{"0":[0,0],"1":[0,0],"2":[0,0],"3":[0,0],"4":[0,0],"5":[0,0],"6":[0,0],"7":[0,0],"8":[0,0]}}
,"C:\\Users\\mimiv\\source\\repos\\testingapps\\backend\\src\\modules\\quotes\\quotes.controller.ts": {"path":"C:\\Users\\mimiv\\source\\repos\\testingapps\\backend\\src\\modules\\quotes\\quotes.controller.ts","statementMap":{"0":{"start":{"line":1,"column":0},"end":{"line":1,"column":88}},"1":{"start":{"line":2,"column":0},"end":{"line":2,"column":71}},"2":{"start":{"line":3,"column":0},"end":{"line":3,"column":49}},"3":{"start":{"line":4,"column":0},"end":{"line":4,"column":61}},"4":{"start":{"line":5,"column":0},"end":{"line":5,"column":56}},"5":{"start":{"line":18,"column":7},"end":{"line":87,"column":null}},"6":{"start":{"line":19,"column":22},"end":{"line":19,"column":37}},"7":{"start":{"line":34,"column":4},"end":{"line":34,"column":85}},"8":{"start":{"line":51,"column":4},"end":{"line":51,"column":78}},"9":{"start":{"line":69,"column":4},"end":{"line":69,"column":55}},"10":{"start":{"line":85,"column":4},"end":{"line":85,"column":55}},"11":{"start":{"line":18,"column":13},"end":{"line":18,"column":29}},"12":{"start":{"line":33,"column":8},"end":{"line":35,"column":null}},"13":{"start":{"line":50,"column":8},"end":{"line":52,"column":null}},"14":{"start":{"line":68,"column":8},"end":{"line":70,"column":null}},"15":{"start":{"line":84,"column":8},"end":{"line":86,"column":null}},"16":{"start":{"line":18,"column":13},"end":{"line":87,"column":null}}},"fnMap":{"0":{"name":"(anonymous_4)","decl":{"start":{"line":19,"column":2},"end":{"line":19,"column":22}},"loc":{"start":{"line":19,"column":50},"end":{"line":19,"column":54}}},"1":{"name":"(anonymous_5)","decl":{"start":{"line":33,"column":8},"end":{"line":33,"column":21}},"loc":{"start":{"line":33,"column":97},"end":{"line":35,"column":3}}},"2":{"name":"(anonymous_6)","decl":{"start":{"line":50,"column":8},"end":{"line":50,"column":14}},"loc":{"start":{"line":50,"column":86},"end":{"line":52,"column":3}}},"3":{"name":"(anonymous_7)","decl":{"start":{"line":68,"column":8},"end":{"line":68,"column":14}},"loc":{"start":{"line":68,"column":76},"end":{"line":70,"column":3}}},"4":{"name":"(anonymous_8)","decl":{"start":{"line":84,"column":8},"end":{"line":84,"column":14}},"loc":{"start":{"line":84,"column":76},"end":{"line":86,"column":3}}}},"branchMap":{},"s":{"0":0,"1":0,"2":0,"3":0,"4":0,"5":0,"6":0,"7":0,"8":0,"9":0,"10":0,"11":0,"12":0,"13":0,"14":0,"15":0,"16":0},"f":{"0":0,"1":0,"2":0,"3":0,"4":0},"b":{}}
,"C:\\Users\\mimiv\\source\\repos\\testingapps\\backend\\src\\modules\\quotes\\quotes.service.ts": {"path":"C:\\Users\\mimiv\\source\\repos\\testingapps\\backend\\src\\modules\\quotes\\quotes.service.ts","statementMap":{"0":{"start":{"line":1,"column":0},"end":{"line":1,"column":104}},"1":{"start":{"line":2,"column":0},"end":{"line":2,"column":77}},"2":{"start":{"line":3,"column":0},"end":{"line":3,"column":78}},"3":{"start":{"line":6,"column":0},"end":{"line":6,"column":75}},"4":{"start":{"line":9,"column":7},"end":{"line":196,"column":null}},"5":{"start":{"line":11,"column":12},"end":{"line":11,"column":20}},"6":{"start":{"line":12,"column":12},"end":{"line":12,"column":34}},"7":{"start":{"line":16,"column":20},"end":{"line":18,"column":6}},"8":{"start":{"line":20,"column":4},"end":{"line":22,"column":5}},"9":{"start":{"line":21,"column":6},"end":{"line":21,"column":63}},"10":{"start":{"line":24,"column":20},"end":{"line":24,"column":46}},"11":{"start":{"line":25,"column":23},"end":{"line":25,"column":53}},"12":{"start":{"line":27,"column":4},"end":{"line":29,"column":5}},"13":{"start":{"line":28,"column":6},"end":{"line":28,"column":77}},"14":{"start":{"line":31,"column":4},"end":{"line":44,"column":7}},"15":{"start":{"line":48,"column":4},"end":{"line":50,"column":5}},"16":{"start":{"line":49,"column":6},"end":{"line":49,"column":71}},"17":{"start":{"line":52,"column":20},"end":{"line":54,"column":6}},"18":{"start":{"line":56,"column":4},"end":{"line":58,"column":5}},"19":{"start":{"line":57,"column":6},"end":{"line":57,"column":63}},"20":{"start":{"line":60,"column":4},"end":{"line":62,"column":5}},"21":{"start":{"line":61,"column":6},"end":{"line":61,"column":82}},"22":{"start":{"line":64,"column":18},"end":{"line":79,"column":6}},"23":{"start":{"line":82,"column":4},"end":{"line":87,"column":5}},"24":{"start":{"line":83,"column":6},"end":{"line":86,"column":9}},"25":{"start":{"line":90,"column":4},"end":{"line":96,"column":6}},"26":{"start":{"line":98,"column":4},"end":{"line":98,"column":17}},"27":{"start":{"line":102,"column":18},"end":{"line":107,"column":6}},"28":{"start":{"line":109,"column":4},"end":{"line":111,"column":5}},"29":{"start":{"line":110,"column":6},"end":{"line":110,"column":72}},"30":{"start":{"line":113,"column":4},"end":{"line":115,"column":5}},"31":{"start":{"line":114,"column":6},"end":{"line":114,"column":124}},"32":{"start":{"line":117,"column":4},"end":{"line":119,"column":5}},"33":{"start":{"line":118,"column":6},"end":{"line":118,"column":109}},"34":{"start":{"line":122,"column":19},"end":{"line":157,"column":6}},"35":{"start":{"line":124,"column":27},"end":{"line":127,"column":8}},"36":{"start":{"line":130,"column":6},"end":{"line":137,"column":9}},"37":{"start":{"line":140,"column":6},"end":{"line":143,"column":9}},"38":{"start":{"line":146,"column":18},"end":{"line":154,"column":8}},"39":{"start":{"line":156,"column":6},"end":{"line":156,"column":42}},"40":{"start":{"line":160,"column":4},"end":{"line":166,"column":6}},"41":{"start":{"line":168,"column":4},"end":{"line":168,"column":18}},"42":{"start":{"line":172,"column":18},"end":{"line":177,"column":6}},"43":{"start":{"line":179,"column":4},"end":{"line":181,"column":5}},"44":{"start":{"line":180,"column":6},"end":{"line":180,"column":72}},"45":{"start":{"line":183,"column":4},"end":{"line":185,"column":5}},"46":{"start":{"line":184,"column":6},"end":{"line":184,"column":124}},"47":{"start":{"line":187,"column":4},"end":{"line":189,"column":5}},"48":{"start":{"line":188,"column":6},"end":{"line":188,"column":109}},"49":{"start":{"line":191,"column":4},"end":{"line":194,"column":7}},"50":{"start":{"line":9,"column":13},"end":{"line":9,"column":26}},"51":{"start":{"line":9,"column":13},"end":{"line":196,"column":null}}},"fnMap":{"0":{"name":"(anonymous_2)","decl":{"start":{"line":10,"column":2},"end":{"line":10,"column":null}},"loc":{"start":{"line":12,"column":54},"end":{"line":13,"column":6}}},"1":{"name":"(anonymous_3)","decl":{"start":{"line":15,"column":2},"end":{"line":15,"column":7}},"loc":{"start":{"line":15,"column":76},"end":{"line":45,"column":3}}},"2":{"name":"(anonymous_4)","decl":{"start":{"line":47,"column":2},"end":{"line":47,"column":7}},"loc":{"start":{"line":47,"column":77},"end":{"line":99,"column":3}}},"3":{"name":"(anonymous_5)","decl":{"start":{"line":101,"column":2},"end":{"line":101,"column":7}},"loc":{"start":{"line":101,"column":46},"end":{"line":169,"column":3}}},"4":{"name":"(anonymous_6)","decl":{"start":{"line":122,"column":50},"end":{"line":122,"column":55}},"loc":{"start":{"line":122,"column":67},"end":{"line":157,"column":5}}},"5":{"name":"(anonymous_7)","decl":{"start":{"line":171,"column":2},"end":{"line":171,"c
[...]
rt":{"line":173,"column":2},"end":{"line":173,"column":7}},"loc":{"start":{"line":173,"column":65},"end":{"line":190,"column":3}}}},"branchMap":{"0":{"loc":{"start":{"line":90,"column":4},"end":{"line":92,"column":5}},"type":"if","locations":[{"start":{"line":90,"column":4},"end":{"line":92,"column":5}},{"start":{},"end":{}}]},"1":{"loc":{"start":{"line":94,"column":4},"end":{"line":96,"column":5}},"type":"if","locations":[{"start":{"line":94,"column":4},"end":{"line":96,"column":5}},{"start":{},"end":{}}]},"2":{"loc":{"start":{"line":116,"column":4},"end":{"line":118,"column":5}},"type":"if","locations":[{"start":{"line":116,"column":4},"end":{"line":118,"column":5}},{"start":{},"end":{}}]},"3":{"loc":{"start":{"line":120,"column":4},"end":{"line":122,"column":5}},"type":"if","locations":[{"start":{"line":120,"column":4},"end":{"line":122,"column":5}},{"start":{},"end":{}}]},"4":{"loc":{"start":{"line":146,"column":4},"end":{"line":148,"column":5}},"type":"if","locations":[{"start":{"line":146,"column":4},"end":{"line":148,"column":5}},{"start":{},"end":{}}]},"5":{"loc":{"start":{"line":150,"column":4},"end":{"line":152,"column":5}},"type":"if","locations":[{"start":{"line":150,"column":4},"end":{"line":152,"column":5}},{"start":{},"end":{}}]},"6":{"loc":{"start":{"line":178,"column":4},"end":{"line":180,"column":5}},"type":"if","locations":[{"start":{"line":178,"column":4},"end":{"line":180,"column":5}},{"start":{},"end":{}}]},"7":{"loc":{"start":{"line":182,"column":4},"end":{"line":184,"column":5}},"type":"if","locations":[{"start":{"line":182,"column":4},"end":{"line":184,"column":5}},{"start":{},"end":{}}]}},"s":{"0":1,"1":1,"2":1,"3":15,"4":2,"5":2,"6":2,"7":1,"8":4,"9":4,"10":1,"11":3,"12":2,"13":1,"14":3,"15":3,"16":1,"17":2,"18":1,"19":1,"20":3,"21":3,"22":1,"23":2,"24":1,"25":1,"26":1,"27":3,"28":3,"29":1,"30":2,"31":1,"32":1,"33":1,"34":1},"f":{"0":15,"1":2,"2":1,"3":4,"4":3,"5":3,"6":3},"b":{"0":[1,3],"1":[2,1],"2":[1,2],"3":[1,1],"4":[1,2],"5":[1,1],"6":[1,2],"7":[1,1]}}
,"C:\\Users\\mimiv\\source\\repos\\testingapps\\backend\\src\\platform\\platform.controller.ts": {"path":"C:\\Users\\mimiv\\source\\repos\\testingapps\\backend\\src\\platform\\platform.controller.ts","statementMap":{"0":{"start":{"line":1,"column":0},"end":{"line":1,"column":60}},"1":{"start":{"line":2,"column":0},"end":{"line":2,"column":71}},"2":{"start":{"line":3,"column":0},"end":{"line":3,"column":53}},"3":{"start":{"line":4,"column":0},"end":{"line":4,"column":69}},"4":{"start":{"line":5,"column":0},"end":{"line":5,"column":58}},"5":{"start":{"line":6,"column":0},"end":{"line":6,"column":61}},"6":{"start":{"line":7,"column":0},"end":{"line":7,"column":58}},"7":{"start":{"line":11,"column":7},"end":{"line":28,"column":null}},"8":{"start":{"line":12,"column":31},"end":{"line":12,"column":48}},"9":{"start":{"line":20,"column":4},"end":{"line":20,"column":43}},"10":{"start":{"line":26,"column":4},"end":{"line":26,"column":46}},"11":{"start":{"line":11,"column":13},"end":{"line":11,"column":31}},"12":{"start":{"line":19,"column":8},"end":{"line":21,"column":null}},"13":{"start":{"line":25,"column":8},"end":{"line":27,"column":null}},"14":{"start":{"line":11,"column":13},"end":{"line":28,"column":null}}},"fnMap":{"0":{"name":"(anonymous_2)","decl":{"start":{"line":12,"column":2},"end":{"line":12,"column":31}},"loc":{"start":{"line":12,"column":63},"end":{"line":12,"column":67}}},"1":{"name":"(anonymous_3)","decl":{"start":{"line":19,"column":8},"end":{"line":19,"column":16}},"loc":{"start":{"line":19,"column":16},"end":{"line":21,"column":3}}},"2":{"name":"(anonymous_4)","decl":{"start":{"line":25,"column":8},"end":{"line":25,"column":19}},"loc":{"start":{"line":25,"column":19},"end":{"line":27,"column":3}}}},"branchMap":{},"s":{"0":0,"1":0,"2":0,"3":0,"4":0,"5":0,"6":0,"7":0,"8":0,"9":0,"10":0,"11":0,"12":0,"13":0,"14":0},"f":{"0":0,"1":0,"2":0},"b":{}}
,"C:\\Users\\mimiv\\source\\repos\\testingapps\\backend\\src\\platform\\platform.service.ts": {"path":"C:\\Users\\mimiv\\source\\repos\\testingapps\\backend\\src\\platform\\platform.service.ts","statementMap":{"0":{"start":{"line":1,"column":0},"end":{"line":1,"column":44}},"1":{"start":{"line":2,"column":0},"end":{"line":2,"column":74}},"2":{"start":{"line":5,"column":7},"end":{"line":122,"column":null}},"3":{"start":{"line":6,"column":31},"end":{"line":6,"column":35}},"4":{"start":{"line":15,"column":8},"end":{"line":62,"column":6}},"5":{"start":{"line":65,"column":23},"end":{"line":65,"column":24}},"6":{"start":{"line":66,"column":30},"end":{"line":66,"column":31}},"7":{"start":{"line":68,"column":4},"end":{"line":83,"column":5}},"8":{"start":{"line":69,"column":21},"end":{"line":69,"column":35}},"9":{"start":{"line":70,"column":6},"end":{"line":82,"column":7}},"10":{"start":{"line":71,"column":30},"end":{"line":71,"column":78}},"11":{"start":{"line":71,"column":54},"end":{"line":71,"column":77}},"12":{"start":{"line":72,"column":26},"end":{"line":72,"column":81}},"13":{"start":{"line":72,"column":49},"end":{"line":72,"column":80}},"14":{"start":{"line":73,"column":25},"end":{"line":73,"column":47}},"15":{"start":{"line":75,"column":8},"end":{"line":81,"column":9}},"16":{"start":{"line":76,"column":26},"end":{"line":76,"column":80}},"17":{"start":{"line":77,"column":10},"end":{"line":80,"column":11}},"18":{"start":{"line":78,"column":12},"end":{"line":78,"column":36}},"19":{"start":{"line":79,"column":12},"end":{"line":79,"column":34}},"20":{"start":{"line":85,"column":27},"end":{"line":87,"column":9}},"21":{"start":{"line":89,"column":4},"end":{"line":94,"column":6}},"22":{"start":{"line":100,"column":4},"end":{"line":120,"column":6}},"23":{"start":{"line":5,"column":13},"end":{"line":5,"column":28}},"24":{"start":{"line":5,"column":13},"end":{"line":122,"column":null}}},"fnMap":{"0":{"name":"(anonymous_2)","decl":{"start":{"line":6,"column":2},"end":{"line":6,"column":31}},"loc":{"start":{"line":6,"column":48},"end":{"line":6,"column":52}}},"1":{"name":"(anonymous_3)","decl":{"start":{"line":8,"column":2},"end":{"line":8,"column":7}},"loc":{"start":{"line":8,"column":16},"end":{"line":95,"column":3}}},"2":{"name":"(anonymous_4)","decl":{"start":{"line":71,"column":42},"end":{"line":71,"column":43}},"loc":{"start":{"line":71,"column":54},"end":{"line":71,"column":77}}},"3":{"name":"(anonymous_5)","decl":{"start":{"line":72,"column":37},"end":{"line":72,"column":38}},"loc":{"start":{"line":72,"column":49},"end":{"line":72,"column":80}}},"4":{"name":"(anonymous_6)","decl":{"start":{"line":97,"column":2},"end":{"line":97,"column":7}},"loc":{"start":{"line":97,"column":19},"end":{"line":121,"column":3}}}},"branchMap":{"0":{"loc":{"start":{"line":70,"column":6},"end":{"line":82,"column":7}},"type":"if","locations":[{"start":{"line":70,"column":6},"end":{"line":82,"column":7}},{"start":{},"end":{}}]},"1":{"loc":{"start":{"line":75,"column":8},"end":{"line":81,"column":9}},"type":"if","locations":[{"start":{"line":75,"column":8},"end":{"line":81,"column":9}},{"start":{},"end":{}}]},"2":{"loc":{"start":{"line":77,"column":10},"end":{"line":80,"column":11}},"type":"if","locations":[{"start":{"line":77,"column":10},"end":{"line":80,"column":11}},{"start":{},"end":{}}]},"3":{"loc":{"start":{"line":85,"column":27},"end":{"line":87,"column":9}},"type":"cond-expr","locations":[{"start":{"line":86,"column":8},"end":{"line":86,"column":54}},{"start":{"line":87,"column":8},"end":{"line":87,"column":9}}]}},"s":{"0":0,"1":0,"2":0,"3":0,"4":0,"5":0,"6":0,"7":0,"8":0,"9":0,"10":0,"11":0,"12":0,"13":0,"14":0,"15":0,"16":0,"17":0,"18":0,"19":0,"20":0,"21":0,"22":0,"23":0,"24":0},"f":{"0":0,"1":0,"2":0,"3":0,"4":0},"b":{"0":[0,0],"1":[0,0],"2":[0,0],"3":[0,0]}}
,"C:\\Users\\mimiv\\source\\repos\\testingapps\\backend\\src\\shared\\decorators\\roles.decorator.ts": {"path":"C:\\Users\\mimiv\\source\\repos\\testingapps\\backend\\src\\shared\\decorators\\roles.decorator.ts","statementMap":{"0":{"start":{"line":1,"column":0},"end":{"line":1,"column":45}},"1":{"start":{"line":7,"column":13},"end":{"line":7,"column":33}},"2":{"start":{"line":27,"column":21},"end":{"line":27,"column":76}},"3":{"start":{"line":27,"column":47},"end":{"line":27,"column":76}},"4":{"start":{"line":27,"column":13},"end":{"line":27,"column":21}}},"fnMap":{"0":{"name":"(anonymous_0)","decl":{"start":{"line":27,"column":21},"end":{"line":27,"column":22}},"loc":{"start":{"line":27,"column":47},"end":{"line":27,"column":76}}}},"branchMap":{},"s":{"0":0,"1":0,"2":0,"3":0,"4":0},"f":{"0":0},"b":{}}
,"C:\\Users\\mimiv\\source\\repos\\testingapps\\backend\\src\\shared\\filters\\http-exception.filter.ts": {"path":"C:\\Users\\mimiv\\source\\repos\\testingapps\\backend\\src\\shared\\filters\\http-exception.filter.ts","statementMap":{"0":{"start":{"line":1,"column":0},"end":{"line":1,"column":null}},"1":{"start":{"line":12,"column":7},"end":{"line":62,"column":null}},"2":{"start":{"line":13,"column":28},"end":{"line":13,"column":54}},"3":{"start":{"line":16,"column":16},"end":{"line":16,"column":35}},"4":{"start":{"line":17,"column":21},"end":{"line":17,"column":48}},"5":{"start":{"line":18,"column":20},"end":{"line":18,"column":45}},"6":{"start":{"line":21,"column":6},"end":{"line":23,"column":42}},"7":{"start":{"line":26,"column":6},"end":{"line":28,"column":33}},"8":{"start":{"line":30,"column":26},"end":{"line":37,"column":6}},"9":{"start":{"line":39,"column":18},"end":{"line":39,"column":27}},"10":{"start":{"line":40,"column":16},"end":{"line":40,"column":26}},"11":{"start":{"line":41,"column":19},"end":{"line":41,"column":29}},"12":{"start":{"line":42,"column":17},"end":{"line":42,"column":27}},"13":{"start":{"line":43,"column":24},"end":{"line":43,"column":34}},"14":{"start":{"line":45,"column":4},"end":{"line":58,"column":5}},"15":{"start":{"line":46,"column":6},"end":{"line":49,"column":8}},"16":{"start":{"line":51,"column":23},"end":{"line":53,"column":31}},"17":{"start":{"line":56,"column":7},"end":{"line":56,"column":64}},"18":{"start":{"line":57,"column":7},"end":{"line":57,"column":55}},"19":{"start":{"line":60,"column":4},"end":{"line":60,"column":48}},"20":{"start":{"line":12,"column":13},"end":{"line":12,"column":32}},"21":{"start":{"line":12,"column":13},"end":{"line":62,"column":null}}},"fnMap":{"0":{"name":"(anonymous_1)","decl":{"start":{"line":15,"column":2},"end":{"line":15,"column":7}},"loc":{"start":{"line":15,"column":47},"end":{"line":61,"column":3}}}},"branchMap":{"0":{"loc":{"start":{"line":21,"column":6},"end":{"line":23,"column":42}},"type":"cond-expr","locations":[{"start":{"line":22,"column":10},"end":{"line":22,"column":31}},{"start":{"line":23,"column":10},"end":{"line":23,"column":42}}]},"1":{"loc":{"start":{"line":26,"column":6},"end":{"line":28,"column":33}},"type":"cond-expr","locations":[{"start":{"line":27,"column":10},"end":{"line":27,"column":33}},{"start":{"line":28,"column":10},"end":{"line":28,"column":33}}]},"2":{"loc":{"start":{"line":35,"column":15},"end":{"line":35,"column":90}},"type":"cond-expr","locations":[{"start":{"line":35,"column":45},"end":{"line":35,"column":52}},{"start":{"line":35,"column":56},"end":{"line":35,"column":90}}]},"3":{"loc":{"start":{"line":35,"column":56},"end":{"line":35,"column":90}},"type":"binary-expr","locations":[{"start":{"line":35,"column":56},"end":{"line":35,"column":79}},{"start":{"line":35,"column":83},"end":{"line":35,"column":90}}]},"4":{"loc":{"start":{"line":36,"column":13},"end":{"line":36,"column":77}},"type":"cond-expr","locations":[{"start":{"line":36,"column":44},"end":{"line":36,"column":65}},{"start":{"line":36,"column":68},"end":{"line":36,"column":77}}]},"5":{"loc":{"start":{"line":45,"column":4},"end":{"line":58,"column":5}},"type":"if","locations":[{"start":{"line":45,"column":4},"end":{"line":58,"column":5}},{"start":{"line":50,"column":11},"end":{"line":58,"column":5}}]},"6":{"loc":{"start":{"line":48,"column":8},"end":{"line":48,"column":70}},"type":"cond-expr","locations":[{"start":{"line":48,"column":37},"end":{"line":48,"column":52}},{"start":{"line":48,"column":55},"end":{"line":48,"column":70}}]},"7":{"loc":{"start":{"line":51,"column":23},"end":{"line":53,"column":31}},"type":"cond-expr","locations":[{"start":{"line":52,"column":10},"end":{"line":52,"column":47}},{"start":{"line":53,"column":10},"end":{"line":53,"column":31}}]},"8":{"loc":{"start":{"line":56,"column":34},"end":{"line":56,"column":63}},"type":"binary-expr","locations":[{"start":{"line":56,"column":34},"end":{"line":56,"column":57}},{"start":{"line":56,"column":61},"end":{"line":56,"column":63}}]}},"s":{"0":0,"1":0,"2":0,"3":0,"4":0,"5":0,"6":0,"7":0,"8":0,"9":0,"10":0,"11":0,"12":0,"13":0,"14":0,"15":0,"16":0,"17":0,"18":0,"19":0,"20":0,"21":0},"f":{"0":0},"b":{"0":[0,0],"1":[0,0],"2":[0,0],"3":[0,0],"4":[0,0],"5":[0,0],"6":[0,0],"7":[0,0],"8":[0,0]}}
,"C:\\Users\\mimiv\\source\\repos\\testingapps\\backend\\src\\shared\\guards\\roles.guard.ts": {"path":"C:\\Users\\mimiv\\source\\repos\\testingapps\\backend\\src\\shared\\guards\\roles.guard.ts","statementMap":{"0":{"start":{"line":1,"column":0},"end":{"line":1,"column":95}},"1":{"start":{"line":2,"column":0},"end":{"line":2,"column":41}},"2":{"start":{"line":4,"column":0},"end":{"line":4,"column":58}},"3":{"start":{"line":22,"column":7},"end":{"line":61,"column":null}},"4":{"start":{"line":23,"column":22},"end":{"line":23,"column":33}},"5":{"start":{"line":33,"column":26},"end":{"line":36,"column":6}},"6":{"start":{"line":39,"column":4},"end":{"line":41,"column":5}},"7":{"start":{"line":40,"column":6},"end":{"line":40,"column":18}},"8":{"start":{"line":43,"column":21},"end":{"line":43,"column":56}},"9":{"start":{"line":46,"column":4},"end":{"line":48,"column":5}},"10":{"start":{"line":47,"column":6},"end":{"line":47,"column":62}},"11":{"start":{"line":51,"column":20},"end":{"line":51,"column":75}},"12":{"start":{"line":51,"column":49},"end":{"line":51,"column":74}},"13":{"start":{"line":53,"column":4},"end":{"line":57,"column":5}},"14":{"start":{"line":54,"column":6},"end":{"line":56,"column":8}},"15":{"start":{"line":59,"column":4},"end":{"line":59,"column":16}},"16":{"start":{"line":22,"column":13},"end":{"line":22,"column":23}},"17":{"start":{"line":22,"column":13},"end":{"line":61,"column":null}}},"fnMap":{"0":{"name":"(anonymous_2)","decl":{"start":{"line":23,"column":2},"end":{"line":23,"column":22}},"loc":{"start":{"line":23,"column":42},"end":{"line":23,"column":46}}},"1":{"name":"(anonymous_3)","decl":{"start":{"line":32,"column":2},"end":{"line":32,"column":13}},"loc":{"start":{"line":32,"column":39},"end":{"line":60,"column":3}}},"2":{"name":"(anonymous_4)","decl":{"start":{"line":51,"column":39},"end":{"line":51,"column":40}},"loc":{"start":{"line":51,"column":49},"end":{"line":51,"column":74}}}},"branchMap":{"0":{"loc":{"start":{"line":39,"column":4},"end":{"line":41,"column":5}},"type":"if","locations":[{"start":{"line":39,"column":4},"end":{"line":41,"column":5}},{"start":{},"end":{}}]},"1":{"loc":{"start":{"line":46,"column":4},"end":{"line":48,"column":5}},"type":"if","locations":[{"start":{"line":46,"column":4},"end":{"line":48,"column":5}},{"start":{},"end":{}}]},"2":{"loc":{"start":{"line":46,"column":8},"end":{"line":46,"column":28}},"type":"binary-expr","locations":[{"start":{"line":46,"column":8},"end":{"line":46,"column":13}},{"start":{"line":46,"column":17},"end":{"line":46,"column":28}}]},"3":{"loc":{"start":{"line":53,"column":4},"end":{"line":57,"column":5}},"type":"if","locations":[{"start":{"line":53,"column":4},"end":{"line":57,"column":5}},{"start":{},"end":{}}]}},"s":{"0":0,"1":0,"2":0,"3":0,"4":0,"5":0,"6":0,"7":0,"8":0,"9":0,"10":0,"11":0,"12":0,"13":0,"14":0,"15":0,"16":0,"17":0},"f":{"0":0,"1":0,"2":0},"b":{"0":[0,0],"1":[0,0],"2":[0,0],"3":[0,0]}}
,"C:\\Users\\mimiv\\source\\repos\\testingapps\\backend\\src\\shared\\middleware\\logger.middleware.ts": {"path":"C:\\Users\\mimiv\\source\\repos\\testingapps\\backend\\src\\shared\\middleware\\logger.middleware.ts","statementMap":{"0":{"start":{"line":1,"column":0},"end":{"line":1,"column":68}},"1":{"start":{"line":3,"column":0},"end":{"line":3,"column":36}},"2":{"start":{"line":6,"column":7},"end":{"line":49,"column":null}},"3":{"start":{"line":7,"column":19},"end":{"line":7,"column":37}},"4":{"start":{"line":10,"column":36},"end":{"line":10,"column":39}},"5":{"start":{"line":11,"column":22},"end":{"line":11,"column":32}},"6":{"start":{"line":14,"column":23},"end":{"line":14,"column":77}},"7":{"start":{"line":15,"column":20},"end":{"line":15,"column":41}},"8":{"start":{"line":16,"column":4},"end":{"line":16,"column":45}},"9":{"start":{"line":18,"column":4},"end":{"line":45,"column":7}},"10":{"start":{"line":19,"column":29},"end":{"line":19,"column":32}},"11":{"start":{"line":20,"column":23},"end":{"line":20,"column":45}},"12":{"start":{"line":21,"column":28},"end":{"line":21,"column":60}},"13":{"start":{"line":24,"column":20},"end":{"line":24,"column":36}},"14":{"start":{"line":25,"column":24},"end":{"line":25,"column":67}},"15":{"start":{"line":29,"column":22},"end":{"line":29,"column":70}},"16":{"start":{"line":31,"column":20},"end":{"line":34,"column":29}},"17":{"start":{"line":36,"column":20},"end":{"line":36,"column":29}},"18":{"start":{"line":37,"column":26},"end":{"line":37,"column":36}},"19":{"start":{"line":38,"column":18},"end":{"line":38,"column":27}},"20":{"start":{"line":40,"column":24},"end":{"line":40,"column":85}},"21":{"start":{"line":42,"column":6},"end":{"line":44,"column":8}},"22":{"start":{"line":47,"column":4},"end":{"line":47,"column":11}},"23":{"start":{"line":6,"column":13},"end":{"line":6,"column":29}},"24":{"start":{"line":6,"column":13},"end":{"line":49,"column":null}}},"fnMap":{"0":{"name":"(anonymous_1)","decl":{"start":{"line":9,"column":2},"end":{"line":9,"column":5}},"loc":{"start":{"line":9,"column":53},"end":{"line":48,"column":3}}},"1":{"name":"(anonymous_2)","decl":{"start":{"line":18,"column":21},"end":{"line":18,"column":24}},"loc":{"start":{"line":18,"column":26},"end":{"line":45,"column":5}}}},"branchMap":{"0":{"loc":{"start":{"line":14,"column":23},"end":{"line":14,"column":77}},"type":"binary-expr","locations":[{"start":{"line":14,"column":23},"end":{"line":14,"column":61}},{"start":{"line":14,"column":65},"end":{"line":14,"column":77}}]},"1":{"loc":{"start":{"line":25,"column":24},"end":{"line":25,"column":67}},"type":"cond-expr","locations":[{"start":{"line":25,"column":38},"end":{"line":25,"column":55}},{"start":{"line":25,"column":58},"end":{"line":25,"column":67}}]},"2":{"loc":{"start":{"line":29,"column":22},"end":{"line":29,"column":70}},"type":"cond-expr","locations":[{"start":{"line":29,"column":33},"end":{"line":29,"column":60}},{"start":{"line":29,"column":63},"end":{"line":29,"column":70}}]},"3":{"loc":{"start":{"line":31,"column":20},"end":{"line":34,"column":29}},"type":"cond-expr","locations":[{"start":{"line":31,"column":40},"end":{"line":31,"column":50}},{"start":{"line":32,"column":19},"end":{"line":34,"column":29}}]},"4":{"loc":{"start":{"line":32,"column":19},"end":{"line":34,"column":29}},"type":"cond-expr","locations":[{"start":{"line":32,"column":39},"end":{"line":32,"column":49}},{"start":{"line":33,"column":19},"end":{"line":34,"column":29}}]},"5":{"loc":{"start":{"line":33,"column":19},"end":{"line":34,"column":29}},"type":"cond-expr","locations":[{"start":{"line":33,"column":39},"end":{"line":33,"column":49}},{"start":{"line":34,"column":19},"end":{"line":34,"column":29}}]},"6":{"loc":{"start":{"line":40,"column":24},"end":{"line":40,"column":85}},"type":"cond-expr","locations":[{"start":{"line":40,"column":39},"end":{"line":40,"column":80}},{"start":{"line":40,"column":83},"end":{"line":40,"column":85}}]}},"s":{"0":0,"1":0,"2":0,"3":0,"4":0,"5":0,"6":0,"7":0,"8":0,"9":0,"10":0,"11":0,"12":0,"13":0,"14":0,"15":0,"16":0,"17":0,"18":0,"19":0,"20":0,"21":0,"22":0,"23":0,"24":0},"f":{"0":0,"1":0},"b":{"0":[0,0],"1":[0,0],"2":[0,0],"3":[0,0],"4":[0,0],"5":[0,0],"6":[0,0]}}
}
