TN:
SF:src\config\env.validation.ts
FNF:0
FNH:0
DA:1,0
DA:3,0
LF:2
LH:0
BRF:0
BRH:0
end_of_record
TN:
SF:src\health\health.controller.ts
FN:8,(anonymous_2)
FN:12,(anonymous_3)
FNF:2
FNH:0
FNDA:0,(anonymous_2)
FNDA:0,(anonymous_3)
DA:1,0
DA:2,0
DA:3,0
DA:7,0
DA:8,0
DA:12,0
DA:13,0
DA:15,0
DA:17,0
DA:19,0
DA:26,0
LF:11
LH:0
BRDA:23,0,0,0
BRDA:23,0,1,0
BRDA:30,1,0,0
BRDA:30,1,1,0
BRDA:31,2,0,0
BRDA:31,2,1,0
BRF:6
BRH:0
end_of_record
TN:
SF:src\infrastructure\database\prisma.service.ts
FN:6,(anonymous_1)
FN:11,(anonymous_2)
FNF:2
FNH:0
FNDA:0,(anonymous_1)
FNDA:0,(anonymous_2)
DA:1,5
DA:2,5
DA:5,5
DA:7,0
DA:8,0
DA:12,0
LF:6
LH:3
BRF:0
BRH:0
end_of_record
TN:
SF:src\infrastructure\database\supabase.service.ts
FN:9,(anonymous_2)
FN:11,(anonymous_3)
FN:22,(anonymous_4)
FN:27,(anonymous_5)
FN:31,(anonymous_6)
FN:35,(anonymous_7)
FNF:6
FNH:0
FNDA:0,(anonymous_2)
FNDA:0,(anonymous_3)
FNDA:0,(anonymous_4)
FNDA:0,(anonymous_5)
FNDA:0,(anonymous_6)
FNDA:0,(anonymous_7)
DA:1,0
DA:2,0
DA:3,0
DA:6,0
DA:9,0
DA:12,0
DA:13,0
DA:15,0
DA:16,0
DA:19,0
DA:23,0
DA:28,0
DA:32,0
DA:36,0
LF:14
LH:0
BRDA:15,0,0,0
BRDA:15,0,1,0
BRDA:15,1,0,0
BRDA:15,1,1,0
BRF:4
BRH:0
end_of_record
TN:
SF:src\modules\activities\activities.controller.ts
FN:12,(anonymous_4)
FN:17,(anonymous_5)
FNF:2
FNH:0
FNDA:0,(anonymous_4)
FNDA:0,(anonymous_5)
DA:1,0
DA:2,0
DA:3,0
DA:4,0
DA:11,0
DA:12,0
DA:17,0
DA:18,0
DA:19,0
LF:9
LH:0
BRDA:18,0,0,0
BRDA:18,0,1,0
BRF:2
BRH:0
end_of_record
TN:
SF:src\modules\activities\activities.service.ts
FN:6,(anonymous_2)
FN:8,(anonymous_3)
FN:16,(anonymous_4)
FNF:3
FNH:0
FNDA:0,(anonymous_2)
FNDA:0,(anonymous_3)
FNDA:0,(anonymous_4)
DA:1,0
DA:2,0
DA:5,0
DA:6,0
DA:9,0
DA:17,0
LF:6
LH:0
BRDA:8,0,0,0
BRF:1
BRH:0
end_of_record
TN:
SF:src\modules\auth\auth.controller.ts
FN:22,(anonymous_4)
FN:37,(anonymous_5)
FN:54,(anonymous_6)
FN:71,(anonymous_7)
FN:90,(anonymous_8)
FN:106,(anonymous_9)
FN:123,(anonymous_10)
FN:135,(anonymous_11)
FN:147,(anonymous_12)
FNF:9
FNH:0
FNDA:0,(anonymous_4)
FNDA:0,(anonymous_5)
FNDA:0,(anonymous_6)
FNDA:0,(anonymous_7)
FNDA:0,(anonymous_8)
FNDA:0,(anonymous_9)
FNDA:0,(anonymous_10)
FNDA:0,(anonymous_11)
FNDA:0,(anonymous_12)
DA:1,0
DA:2,0
DA:3,0
DA:4,0
DA:5,0
DA:6,0
DA:7,0
DA:8,0
DA:9,0
DA:10,0
DA:21,0
DA:22,0
DA:37,0
DA:38,0
DA:54,0
DA:55,0
DA:71,0
DA:72,0
DA:90,0
DA:91,0
DA:106,0
DA:107,0
DA:123,0
DA:124,0
DA:135,0
DA:136,0
DA:147,0
DA:148,0
LF:28
LH:0
BRF:0
BRH:0
end_of_record
TN:
SF:src\modules\auth\auth.service.ts
FN:23,(anonymous_11)
FN:39,(anonymous_12)
FN:100,(anonymous_13)
FN:139,(anonymous_14)
FN:162,(anonymous_15)
FN:226,(anonymous_16)
FN:234,(anonymous_17)
FN:278,(anonymous_18)
FN:327,(anonymous_19)
FN:362,(anonymous_20)
FNF:10
FNH:8
FNDA:16,(anonymous_11)
FNDA:3,(anonymous_12)
FNDA:3,(anonymous_13)
FNDA:2,(anonymous_14)
FNDA:2,(anonymous_15)
FNDA:0,(anonymous_16)
FNDA:2,(anonymous_17)
FNDA:2,(anonymous_18)
FNDA:2,(anonymous_19)
FNDA:0,(anonymous_20)
DA:1,1
DA:2,1
DA:3,1
DA:4,1
DA:5,1
DA:6,1
DA:12,1
DA:13,1
DA:22,1
DA:24,16
DA:25,16
DA:26,16
DA:40,3
DA:43,3
DA:47,3
DA:48,1
DA:52,2
DA:55,2
DA:58,2
DA:59,2
DA:62,2
DA:75,2
DA:76,2
DA:79,2
DA:85,2
DA:101,3
DA:104,3
DA:108,3
DA:109,1
DA:113,2
DA:115,2
DA:116,1
DA:120,1
DA:133,1
DA:140,2
DA:155,2
DA:156,1
DA:159,1
DA:163,2
DA:166,2
DA:167,2
DA:168,2
DA:169,2
DA:170,2
DA:171,2
DA:172,2
DA:173,2
DA:176,2
DA:177,2
DA:178,2
DA:181,2
DA:182,0
DA:186,2
DA:187,2
DA:188,1
DA:199,1
DA:200,1
DA:201,1
DA:203,1
DA:204,1
DA:218,2
DA:223,2
DA:227,0
DA:231,0
DA:235,2
DA:237,2
DA:242,2
DA:243,1
DA:247,1
DA:248,1
DA:249,1
DA:262,1
DA:272,1
DA:273,1
DA:275,1
DA:279,2
DA:282,2
DA:290,2
DA:291,2
DA:292,1
DA:293,1
DA:294,1
DA:295,1
DA:296,1
DA:301,2
DA:302,1
DA:306,1
DA:309,1
DA:318,1
DA:328,2
DA:330,2
DA:334,2
DA:335,0
DA:339,2
DA:341,2
DA:342,1
DA:346,1
DA:354,1
DA:363,0
DA:365,0
DA:370,0
DA:371,0
DA:375,0
DA:376,0
DA:380,0
DA:381,0
DA:383,0
DA:391,0
DA:392,0
DA:394,0
LF:110
LH:94
BRDA:47,0,0,1
BRDA:47,0,1,2
BRDA:55,1,0,1
BRDA:55,1,1,1
BRDA:55,2,0,2
BRDA:55,2,1,2
BRDA:108,3,0,1
BRDA:108,3,1,2
BRDA:115,4,0,1
BRDA:115,4,1,1
BRDA:155,5,0,1
BRDA:155,5,1,1
BRDA:166,6,0,1
BRDA:166,6,1,1
BRDA:167,7,0,0
BRDA:167,7,1,2
BRDA:168,8,0,0
BRDA:168,8,1,2
BRDA:169,9,0,2
BRDA:169,9,1,0
BRDA:170,10,0,1
BRDA:170,10,1,1
BRDA:171,11,0,0
BRDA:171,11,1,2
BRDA:172,12,0,0
BRDA:172,12,1,2
BRDA:173,13,0,1
BRDA:173,13,1,1
BRDA:176,14,0,1
BRDA:176,14,1,1
BRDA:177,15,0,1
BRDA:177,15,1,1
BRDA:178,16,0,0
BRDA:178,16,1,2
BRDA:181,17,0,0
BRDA:181,17,1,2
BRDA:187,18,0,1
BRDA:187,18,1,1
BRDA:187,19,0,2
BRDA:187,19,1,2
BRDA:200,20,0,1
BRDA:200,20,1,1
BRDA:201,21,0,1
BRDA:201,21,1,1
BRDA:203,22,0,1
BRDA:203,22,1,0
BRDA:203,23,0,1
BRDA:203,23,1,1
BRDA:203,23,2,1
BRDA:231,24,0,0
BRDA:231,24,1,0
BRDA:242,25,0,1
BRDA:242,25,1,1
BRDA:292,26,0,1
BRDA:292,26,1,0
BRDA:294,27,0,1
BRDA:294,27,1,0
BRDA:301,28,0,1
BRDA:301,28,1,1
BRDA:334,29,0,0
BRDA:334,29,1,2
BRDA:334,30,0,2
BRDA:334,30,1,2
BRDA:341,31,0,1
BRDA:341,31,1,1
BRDA:370,32,0,0
BRDA:370,32,1,0
BRDA:375,33,0,0
BRDA:375,33,1,0
BRF:69
BRH:52
end_of_record
TN:
SF:src\modules\auth\guards\jwt-auth.guard.ts
FN:6,(anonymous_1)
FNF:1
FNH:0
FNDA:0,(anonymous_1)
DA:1,0
DA:2,0
DA:5,0
DA:7,0
LF:4
LH:0
BRF:0
BRH:0
end_of_record
TN:
SF:src\modules\auth\strategies\jwt.strategy.ts
FN:8,(anonymous_2)
FN:16,(anonymous_3)
FNF:2
FNH:0
FNDA:0,(anonymous_2)
FNDA:0,(anonymous_3)
DA:1,0
DA:2,0
DA:3,0
DA:4,0
DA:7,0
DA:8,0
DA:9,0
DA:17,0
LF:8
LH:0
BRDA:17,0,0,0
BRDA:17,0,1,0
BRF:2
BRH:0
end_of_record
TN:
SF:src\modules\jobs\jobs.controller.ts
FN:24,(anonymous_4)
FN:45,(anonymous_5)
FN:67,(anonymous_6)
FN:91,(anonymous_7)
FNF:4
FNH:0
FNDA:0,(anonymous_4)
FNDA:0,(anonymous_5)
FNDA:0,(anonymous_6)
FNDA:0,(anonymous_7)
DA:1,0
DA:2,0
DA:3,0
DA:4,0
DA:5,0
DA:6,0
DA:7,0
DA:21,0
DA:22,0
DA:24,0
DA:45,0
DA:46,0
DA:47,0
DA:67,0
DA:68,0
DA:69,0
DA:91,0
DA:92,0
DA:93,0
LF:19
LH:0
BRF:0
BRH:0
end_of_record
TN:
SF:src\modules\jobs\jobs.service.ts
FN:11,(anonymous_2)
FN:13,(anonymous_3)
FN:68,(anonymous_4)
FN:110,(anonymous_5)
FN:140,(anonymous_6)
FNF:5
FNH:5
FNDA:12,(anonymous_2)
FNDA:3,(anonymous_3)
FNDA:4,(anonymous_4)
FNDA:5,(anonymous_5)
FNDA:2,(anonymous_6)
DA:1,1
DA:2,1
DA:5,1
DA:8,1
DA:9,12
DA:11,12
DA:14,3
DA:15,3
DA:16,3
DA:18,3
DA:22,3
DA:57,3
DA:69,4
DA:70,4
DA:99,4
DA:100,1
DA:103,3
DA:104,1
DA:107,2
DA:111,5
DA:112,5
DA:116,5
DA:117,1
DA:121,4
DA:122,1
DA:126,3
DA:127,1
DA:130,2
DA:133,2
DA:134,1
DA:135,1
DA:136,1
DA:140,2
DA:141,2
DA:147,2
DA:148,1
DA:154,2
DA:157,2
LF:38
LH:38
BRDA:18,0,0,1
BRDA:18,0,1,2
BRDA:99,1,0,1
BRDA:99,1,1,3
BRDA:103,2,0,1
BRDA:103,2,1,2
BRDA:103,3,0,3
BRDA:103,3,1,2
BRDA:116,4,0,1
BRDA:116,4,1,4
BRDA:121,5,0,1
BRDA:121,5,1,3
BRDA:126,6,0,1
BRDA:126,6,1,2
BRDA:126,7,0,3
BRDA:126,7,1,1
BRDA:133,8,0,1
BRDA:133,8,1,1
BRDA:133,9,0,2
BRDA:133,9,1,1
BRDA:135,10,0,1
BRDA:135,10,1,0
BRDA:135,11,0,1
BRDA:135,11,1,1
BRDA:147,12,0,1
BRDA:147,12,1,1
BRF:26
BRH:25
end_of_record
TN:
SF:src\modules\maintenance\maintenance.controller.ts
FN:13,(anonymous_4)
FN:18,(anonymous_5)
FN:25,(anonymous_6)
FN:36,(anonymous_7)
FNF:4
FNH:0
FNDA:0,(anonymous_4)
FNDA:0,(anonymous_5)
FNDA:0,(anonymous_6)
FNDA:0,(anonymous_7)
DA:1,0
DA:2,0
DA:3,0
DA:4,0
DA:5,0
DA:12,0
DA:13,0
DA:18,0
DA:19,0
DA:25,0
DA:30,0
DA:36,0
DA:37,0
LF:13
LH:0
BRF:0
BRH:0
end_of_record
TN:
SF:src\modules\maintenance\maintenance.service.ts
FN:7,(anonymous_2)
FN:9,(anonymous_3)
FN:29,(anonymous_4)
FN:56,(anonymous_5)
FNF:4
FNH:0
FNDA:0,(anonymous_2)
FNDA:0,(anonymous_3)
FNDA:0,(anonymous_4)
FNDA:0,(anonymous_5)
DA:1,0
DA:2,0
DA:6,0
DA:7,0
DA:11,0
DA:15,0
DA:16,0
DA:19,0
DA:20,0
DA:23,0
DA:31,0
DA:35,0
DA:36,0
DA:39,0
DA:40,0
DA:43,0
DA:57,0
DA:62,0
DA:63,0
DA:66,0
DA:67,0
DA:70,0
DA:74,0
LF:23
LH:0
BRDA:15,0,0,0
BRDA:15,0,1,0
BRDA:19,1,0,0
BRDA:19,1,1,0
BRDA:35,2,0,0
BRDA:35,2,1,0
BRDA:39,3,0,0
BRDA:39,3,1,0
BRDA:62,4,0,0
BRDA:62,4,1,0
BRDA:66,5,0,0
BRDA:66,5,1,0
BRF:12
BRH:0
end_of_record
TN:
SF:src\modules\notifications\notifications.controller.ts
FN:12,(anonymous_4)
FN:16,(anonymous_5)
FN:22,(anonymous_6)
FN:28,(anonymous_7)
FN:34,(anonymous_8)
FNF:5
FNH:0
FNDA:0,(anonymous_4)
FNDA:0,(anonymous_5)
FNDA:0,(anonymous_6)
FNDA:0,(anonymous_7)
FNDA:0,(anonymous_8)
DA:1,0
DA:2,0
DA:3,0
DA:4,0
DA:11,0
DA:12,0
DA:16,0
DA:17,0
DA:22,0
DA:23,0
DA:28,0
DA:29,0
DA:34,0
DA:35,0
LF:14
LH:0
BRF:0
BRH:0
end_of_record
TN:
SF:src\modules\notifications\notifications.service.ts
FN:6,(anonymous_2)
FN:8,(anonymous_3)
FN:15,(anonymous_4)
FN:25,(anonymous_5)
FN:32,(anonymous_6)
FNF:5
FNH:0
FNDA:0,(anonymous_2)
FNDA:0,(anonymous_3)
FNDA:0,(anonymous_4)
FNDA:0,(anonymous_5)
FNDA:0,(anonymous_6)
DA:1,0
DA:2,0
DA:5,0
DA:6,0
DA:9,0
DA:16,0
DA:22,0
DA:26,0
DA:33,0
LF:9
LH:0
BRF:0
BRH:0
end_of_record
TN:
SF:src\modules\payments\payments.controller.ts
FN:12,(anonymous_4)
FN:16,(anonymous_5)
FN:22,(anonymous_6)
FN:28,(anonymous_7)
FNF:4
FNH:0
FNDA:0,(anonymous_4)
FNDA:0,(anonymous_5)
FNDA:0,(anonymous_6)
FNDA:0,(anonymous_7)
DA:1,0
DA:2,0
DA:3,0
DA:4,0
DA:11,0
DA:12,0
DA:16,0
DA:17,0
DA:22,0
DA:23,0
DA:28,0
DA:29,0
LF:12
LH:0
BRF:0
BRH:0
end_of_record
TN:
SF:src\modules\payments\payments.service.ts
FN:10,(anonymous_3)
FN:20,(anonymous_4)
FN:74,(anonymous_5)
FN:105,(anonymous_6)
FNF:4
FNH:0
FNDA:0,(anonymous_3)
FNDA:0,(anonymous_4)
FNDA:0,(anonymous_5)
FNDA:0,(anonymous_6)
DA:1,0
DA:2,0
DA:3,0
DA:4,0
DA:7,0
DA:11,0
DA:12,0
DA:14,0
DA:21,0
DA:29,0
DA:30,0
DA:33,0
DA:34,0
DA:37,0
DA:38,0
DA:41,0
DA:42,0
DA:46,0
DA:57,0
DA:68,0
DA:75,0
DA:83,0
DA:84,0
DA:87,0
DA:88,0
DA:91,0
DA:92,0
DA:93,0
DA:98,0
DA:106,0
DA:108,0
LF:31
LH:0
BRDA:29,0,0,0
BRDA:29,0,1,0
BRDA:33,1,0,0
BRDA:33,1,1,0
BRDA:37,2,0,0
BRDA:37,2,1,0
BRDA:41,3,0,0
BRDA:41,3,1,0
BRDA:41,4,0,0
BRDA:41,4,1,0
BRDA:83,5,0,0
BRDA:83,5,1,0
BRDA:87,6,0,0
BRDA:87,6,1,0
BRDA:92,7,0,0
BRDA:92,7,1,0
BRDA:92,8,0,0
BRDA:92,8,1,0
BRDA:109,9,0,0
BRDA:109,9,1,0
BRF:20
BRH:0
end_of_record
TN:
SF:src\modules\providers\providers.controller.ts
FN:10,(anonymous_4)
FN:15,(anonymous_5)
FN:27,(anonymous_6)
FN:46,(anonymous_7)
FNF:4
FNH:0
FNDA:0,(anonymous_4)
FNDA:0,(anonymous_5)
FNDA:0,(anonymous_6)
FNDA:0,(anonymous_7)
DA:1,0
DA:2,0
DA:3,0
DA:7,0
DA:8,0
DA:10,0
DA:15,0
DA:16,0
DA:17,0
DA:27,0
DA:34,0
DA:41,0
DA:46,0
DA:47,0
LF:14
LH:0
BRDA:38,0,0,0
BRDA:38,0,1,0
BRDA:39,1,0,0
BRDA:39,1,1,0
BRF:4
BRH:0
end_of_record
TN:
SF:src\modules\providers\providers.service.ts
FN:8,(anonymous_2)
FN:10,(anonymous_3)
FN:46,(anonymous_4)
FN:60,(anonymous_5)
FN:120,(anonymous_6)
FNF:5
FNH:0
FNDA:0,(anonymous_2)
FNDA:0,(anonymous_3)
FNDA:0,(anonymous_4)
FNDA:0,(anonymous_5)
FNDA:0,(anonymous_6)
DA:1,0
DA:2,0
DA:5,0
DA:6,0
DA:8,0
DA:11,0
DA:14,0
DA:46,0
DA:67,0
DA:72,0
DA:73,0
DA:76,0
DA:77,0
DA:80,0
DA:81,0
DA:84,0
DA:85,0
DA:88,0
DA:117,0
DA:121,0
DA:156,0
DA:157,0
DA:160,0
LF:23
LH:0
BRDA:48,0,0,0
BRDA:48,0,1,0
BRDA:49,1,0,0
BRDA:49,1,1,0
BRDA:50,2,0,0
BRDA:50,2,1,0
BRDA:72,3,0,0
BRDA:72,3,1,0
BRDA:76,4,0,0
BRDA:76,4,1,0
BRDA:80,5,0,0
BRDA:80,5,1,0
BRDA:84,6,0,0
BRDA:84,6,1,0
BRDA:90,7,0,0
BRDA:90,7,1,0
BRDA:156,8,0,0
BRDA:156,8,1,0
BRF:18
BRH:0
end_of_record
TN:
SF:src\modules\quotes\quotes.controller.ts
FN:19,(anonymous_4)
FN:33,(anonymous_5)
FN:50,(anonymous_6)
FN:68,(anonymous_7)
FN:84,(anonymous_8)
FNF:5
FNH:0
FNDA:0,(anonymous_4)
FNDA:0,(anonymous_5)
FNDA:0,(anonymous_6)
FNDA:0,(anonymous_7)
FNDA:0,(anonymous_8)
DA:1,0
DA:2,0
DA:3,0
DA:4,0
DA:5,0
DA:18,0
DA:19,0
DA:33,0
DA:34,0
DA:50,0
DA:51,0
DA:68,0
DA:69,0
DA:84,0
DA:85,0
LF:15
LH:0
BRF:0
BRH:0
end_of_record
TN:
SF:src\modules\quotes\quotes.service.ts
FN:9,(anonymous_2)
FN:11,(anonymous_3)
FN:43,(anonymous_4)
FN:88,(anonymous_5)
FN:109,(anonymous_6)
FN:149,(anonymous_7)
FNF:6
FNH:6
FNDA:11,(anonymous_2)
FNDA:1,(anonymous_3)
FNDA:3,(anonymous_4)
FNDA:4,(anonymous_5)
FNDA:1,(anonymous_6)
FNDA:3,(anonymous_7)
DA:1,1
DA:2,1
DA:5,1
DA:8,1
DA:9,11
DA:12,1
DA:16,1
DA:17,0
DA:20,1
DA:21,1
DA:23,1
DA:24,0
DA:27,1
DA:44,3
DA:45,0
DA:48,3
DA:52,3
DA:53,1
DA:56,2
DA:57,1
DA:60,1
DA:78,1
DA:79,1
DA:85,1
DA:89,4
DA:96,4
DA:97,1
DA:100,3
DA:101,1
DA:104,2
DA:105,1
DA:109,1
DA:111,1
DA:117,1
DA:127,1
DA:133,1
DA:143,1
DA:146,1
DA:150,3
DA:157,3
DA:158,1
DA:161,2
DA:162,1
DA:165,1
DA:166,0
DA:169,1
LF:46
LH:42
BRDA:16,0,0,0
BRDA:16,0,1,1
BRDA:23,1,0,0
BRDA:23,1,1,1
BRDA:23,2,0,1
BRDA:23,2,1,0
BRDA:44,3,0,0
BRDA:44,3,1,3
BRDA:52,4,0,1
BRDA:52,4,1,2
BRDA:56,5,0,1
BRDA:56,5,1,1
BRDA:56,6,0,2
BRDA:56,6,1,2
BRDA:78,7,0,1
BRDA:78,7,1,0
BRDA:96,8,0,1
BRDA:96,8,1,3
BRDA:100,9,0,1
BRDA:100,9,1,2
BRDA:104,10,0,1
BRDA:104,10,1,1
BRDA:157,11,0,1
BRDA:157,11,1,2
BRDA:161,12,0,1
BRDA:161,12,1,1
BRDA:165,13,0,0
BRDA:165,13,1,1
BRF:28
BRH:22
end_of_record
TN:
SF:src\modules\requests\requests.controller.ts
FN:23,(anonymous_4)
FN:36,(anonymous_5)
FN:62,(anonymous_6)
FN:83,(anonymous_7)
FN:106,(anonymous_8)
FN:130,(anonymous_9)
FNF:6
FNH:0
FNDA:0,(anonymous_4)
FNDA:0,(anonymous_5)
FNDA:0,(anonymous_6)
FNDA:0,(anonymous_7)
FNDA:0,(anonymous_8)
FNDA:0,(anonymous_9)
DA:1,0
DA:2,0
DA:3,0
DA:4,0
DA:5,0
DA:6,0
DA:7,0
DA:8,0
DA:20,0
DA:21,0
DA:23,0
DA:36,0
DA:37,0
DA:38,0
DA:62,0
DA:63,0
DA:64,0
DA:83,0
DA:84,0
DA:85,0
DA:106,0
DA:107,0
DA:108,0
DA:130,0
DA:131,0
DA:132,0
LF:26
LH:0
BRF:0
BRH:0
end_of_record
TN:
SF:src\modules\requests\requests.service.ts
FN:12,(anonymous_2)
FN:14,(anonymous_3)
FN:41,(anonymous_4)
FN:129,(anonymous_5)
FN:156,(anonymous_6)
FN:199,(anonymous_7)
FNF:6
FNH:6
FNDA:11,(anonymous_2)
FNDA:1,(anonymous_3)
FNDA:2,(anonymous_4)
FNDA:1,(anonymous_5)
FNDA:4,(anonymous_6)
FNDA:3,(anonymous_7)
DA:1,1
DA:2,1
DA:6,1
DA:9,1
DA:10,11
DA:12,11
DA:15,1
DA:16,1
DA:42,2
DA:43,2
DA:44,2
DA:46,2
DA:48,1
DA:88,1
DA:99,1
DA:117,1
DA:130,1
DA:132,1
DA:136,1
DA:137,0
DA:140,1
DA:141,0
DA:144,1
DA:157,4
DA:158,4
DA:185,4
DA:186,1
DA:189,3
DA:190,3
DA:192,3
DA:193,1
DA:196,2
DA:200,3
DA:204,3
DA:205,1
DA:208,2
DA:209,1
DA:212,1
LF:38
LH:36
BRDA:43,0,0,2
BRDA:43,0,1,2
BRDA:46,1,0,1
BRDA:46,1,1,1
BRDA:136,2,0,0
BRDA:136,2,1,1
BRDA:140,3,0,0
BRDA:140,3,1,1
BRDA:185,4,0,1
BRDA:185,4,1,3
BRDA:192,5,0,1
BRDA:192,5,1,2
BRDA:192,6,0,3
BRDA:192,6,1,2
BRDA:204,7,0,1
BRDA:204,7,1,2
BRDA:208,8,0,1
BRDA:208,8,1,1
BRF:18
BRH:16
end_of_record
TN:
SF:src\modules\services\services.controller.ts
FN:8,(anonymous_4)
FN:12,(anonymous_5)
FN:18,(anonymous_6)
FN:24,(anonymous_7)
FNF:4
FNH:0
FNDA:0,(anonymous_4)
FNDA:0,(anonymous_5)
FNDA:0,(anonymous_6)
FNDA:0,(anonymous_7)
DA:1,0
DA:2,0
DA:3,0
DA:7,0
DA:8,0
DA:12,0
DA:13,0
DA:18,0
DA:19,0
DA:24,0
DA:25,0
LF:11
LH:0
BRF:0
BRH:0
end_of_record
TN:
SF:src\modules\services\services.service.ts
FN:6,(anonymous_2)
FN:8,(anonymous_3)
FN:15,(anonymous_4)
FN:25,(anonymous_5)
FNF:4
FNH:0
FNDA:0,(anonymous_2)
FNDA:0,(anonymous_3)
FNDA:0,(anonymous_4)
FNDA:0,(anonymous_5)
DA:1,0
DA:2,0
DA:5,0
DA:6,0
DA:9,0
DA:16,0
DA:26,0
LF:7
LH:0
BRF:0
BRH:0
end_of_record
TN:
SF:src\modules\vehicles\vehicles.controller.ts
FN:23,(anonymous_4)
FN:43,(anonymous_5)
FN:59,(anonymous_6)
FN:77,(anonymous_7)
FN:96,(anonymous_8)
FN:115,(anonymous_9)
FN:133,(anonymous_10)
FNF:7
FNH:0
FNDA:0,(anonymous_4)
FNDA:0,(anonymous_5)
FNDA:0,(anonymous_6)
FNDA:0,(anonymous_7)
FNDA:0,(anonymous_8)
FNDA:0,(anonymous_9)
FNDA:0,(anonymous_10)
DA:1,0
DA:2,0
DA:3,0
DA:4,0
DA:5,0
DA:6,0
DA:7,0
DA:8,0
DA:9,0
DA:22,0
DA:23,0
DA:43,0
DA:44,0
DA:59,0
DA:60,0
DA:77,0
DA:78,0
DA:96,0
DA:97,0
DA:115,0
DA:116,0
DA:133,0
DA:134,0
LF:23
LH:0
BRF:0
BRH:0
end_of_record
TN:
SF:src\modules\vehicles\vehicles.service.ts
FN:15,(anonymous_2)
FN:24,(anonymous_3)
FN:55,(anonymous_4)
FN:75,(anonymous_5)
FN:111,(anonymous_6)
FN:141,(anonymous_7)
FN:173,(anonymous_8)
FNF:7
FNH:7
FNDA:15,(anonymous_2)
FNDA:2,(anonymous_3)
FNDA:1,(anonymous_4)
FNDA:4,(anonymous_5)
FNDA:3,(anonymous_6)
FNDA:3,(anonymous_7)
FNDA:3,(anonymous_8)
DA:1,1
DA:2,1
DA:14,1
DA:15,15
DA:25,2
DA:27,2
DA:37,2
DA:56,1
DA:76,4
DA:90,4
DA:91,1
DA:94,3
DA:95,2
DA:98,1
DA:112,3
DA:116,3
DA:117,1
DA:120,2
DA:121,1
DA:124,1
DA:142,3
DA:146,3
DA:147,1
DA:150,2
DA:151,1
DA:154,1
DA:158,1
DA:174,3
DA:178,3
DA:179,1
DA:182,2
DA:183,1
DA:186,1
LF:33
LH:33
BRDA:90,0,0,1
BRDA:90,0,1,3
BRDA:94,1,0,2
BRDA:94,1,1,1
BRDA:116,2,0,1
BRDA:116,2,1,2
BRDA:120,3,0,1
BRDA:120,3,1,1
BRDA:146,4,0,1
BRDA:146,4,1,2
BRDA:150,5,0,1
BRDA:150,5,1,1
BRDA:178,6,0,1
BRDA:178,6,1,2
BRDA:182,7,0,1
BRDA:182,7,1,1
BRF:16
BRH:16
end_of_record
TN:
SF:src\platform\platform.controller.ts
FN:12,(anonymous_2)
FN:19,(anonymous_3)
FN:25,(anonymous_4)
FNF:3
FNH:0
FNDA:0,(anonymous_2)
FNDA:0,(anonymous_3)
FNDA:0,(anonymous_4)
DA:1,0
DA:2,0
DA:3,0
DA:4,0
DA:5,0
DA:6,0
DA:7,0
DA:11,0
DA:12,0
DA:19,0
DA:20,0
DA:25,0
DA:26,0
LF:13
LH:0
BRF:0
BRH:0
end_of_record
TN:
SF:src\platform\platform.service.ts
FN:6,(anonymous_2)
FN:8,(anonymous_3)
FN:71,(anonymous_4)
FN:72,(anonymous_5)
FN:97,(anonymous_6)
FNF:5
FNH:0
FNDA:0,(anonymous_2)
FNDA:0,(anonymous_3)
FNDA:0,(anonymous_4)
FNDA:0,(anonymous_5)
FNDA:0,(anonymous_6)
DA:1,0
DA:2,0
DA:5,0
DA:6,0
DA:15,0
DA:65,0
DA:66,0
DA:68,0
DA:69,0
DA:70,0
DA:71,0
DA:72,0
DA:73,0
DA:75,0
DA:76,0
DA:77,0
DA:78,0
DA:79,0
DA:85,0
DA:89,0
DA:100,0
LF:21
LH:0
BRDA:70,0,0,0
BRDA:70,0,1,0
BRDA:75,1,0,0
BRDA:75,1,1,0
BRDA:77,2,0,0
BRDA:77,2,1,0
BRDA:85,3,0,0
BRDA:85,3,1,0
BRF:8
BRH:0
end_of_record
TN:
SF:src\shared\decorators\roles.decorator.ts
FN:27,(anonymous_0)
FNF:1
FNH:0
FNDA:0,(anonymous_0)
DA:1,0
DA:7,0
DA:27,0
LF:3
LH:0
BRF:0
BRH:0
end_of_record
TN:
SF:src\shared\filters\http-exception.filter.ts
FN:15,(anonymous_1)
FNF:1
FNH:0
FNDA:0,(anonymous_1)
DA:1,0
DA:12,0
DA:13,0
DA:16,0
DA:17,0
DA:18,0
DA:21,0
DA:26,0
DA:30,0
DA:39,0
DA:40,0
DA:41,0
DA:42,0
DA:43,0
DA:45,0
DA:46,0
DA:51,0
DA:56,0
DA:57,0
DA:60,0
LF:20
LH:0
BRDA:21,0,0,0
BRDA:21,0,1,0
BRDA:26,1,0,0
BRDA:26,1,1,0
BRDA:35,2,0,0
BRDA:35,2,1,0
BRDA:35,3,0,0
BRDA:35,3,1,0
BRDA:36,4,0,0
BRDA:36,4,1,0
BRDA:45,5,0,0
BRDA:45,5,1,0
BRDA:48,6,0,0
BRDA:48,6,1,0
BRDA:51,7,0,0
BRDA:51,7,1,0
BRDA:56,8,0,0
BRDA:56,8,1,0
BRF:18
BRH:0
end_of_record
TN:
SF:src\shared\guards\roles.guard.ts
FN:23,(anonymous_2)
FN:32,(anonymous_3)
FN:51,(anonymous_4)
FNF:3
FNH:0
FNDA:0,(anonymous_2)
FNDA:0,(anonymous_3)
FNDA:0,(anonymous_4)
DA:1,0
DA:2,0
DA:4,0
DA:22,0
DA:23,0
DA:33,0
DA:39,0
DA:40,0
DA:43,0
DA:46,0
DA:47,0
DA:51,0
DA:53,0
DA:54,0
DA:59,0
LF:15
LH:0
BRDA:39,0,0,0
BRDA:39,0,1,0
BRDA:46,1,0,0
BRDA:46,1,1,0
BRDA:46,2,0,0
BRDA:46,2,1,0
BRDA:53,3,0,0
BRDA:53,3,1,0
BRF:8
BRH:0
end_of_record
TN:
SF:src\shared\middleware\logger.middleware.ts
FN:9,(anonymous_1)
FN:18,(anonymous_2)
FNF:2
FNH:0
FNDA:0,(anonymous_1)
FNDA:0,(anonymous_2)
DA:1,0
DA:3,0
DA:6,0
DA:7,0
DA:10,0
DA:11,0
DA:14,0
DA:15,0
DA:16,0
DA:18,0
DA:19,0
DA:20,0
DA:21,0
DA:24,0
DA:25,0
DA:29,0
DA:31,0
DA:36,0
DA:37,0
DA:38,0
DA:40,0
DA:42,0
DA:47,0
LF:23
LH:0
BRDA:14,0,0,0
BRDA:14,0,1,0
BRDA:25,1,0,0
BRDA:25,1,1,0
BRDA:29,2,0,0
BRDA:29,2,1,0
BRDA:31,3,0,0
BRDA:31,3,1,0
BRDA:32,4,0,0
BRDA:32,4,1,0
BRDA:33,5,0,0
BRDA:33,5,1,0
BRDA:40,6,0,0
BRDA:40,6,1,0
BRF:14
BRH:0
end_of_record
